SF:/home/coding/ARMOR/src/parsers/config.rs
FN:129,_RINvMs1_NtNtCsbRf3HNt4AAF_5armor7parsers6configNtB6_15TypeConstructor3newReEBa_
FN:213,_RINvMs3_NtNtCsbRf3HNt4AAF_5armor7parsers6configNtB6_14ValidationHook3newReEBa_
FN:469,_RINvMs6_NtNtCsbRf3HNt4AAF_5armor7parsers6configNtB6_12ParserConfig20register_constructorReEBa_
FN:592,_RINvMs7_NtNtCsbRf3HNt4AAF_5armor7parsers6configNtB6_19ParserConfigBuilder16with_constructorReEBa_
FN:521,_RNCNvMs6_NtNtCsbRf3HNt4AAF_5armor7parsers6configNtB7_12ParserConfig15get_validations0Bb_
FN:49,_RNvMNtNtCsbRf3HNt4AAF_5armor7parsers6configNtB2_10ParserMode10is_lenient
FN:44,_RNvMNtNtCsbRf3HNt4AAF_5armor7parsers6configNtB2_10ParserMode9is_strict
FN:149,_RNvMs1_NtNtCsbRf3HNt4AAF_5armor7parsers6configNtB5_15TypeConstructor9construct
FN:229,_RNvMs3_NtNtCsbRf3HNt4AAF_5armor7parsers6configNtB5_14ValidationHook10applies_to
FN:445,_RNvMs6_NtNtCsbRf3HNt4AAF_5armor7parsers6configNtB5_12ParserConfig10is_lenient
FN:505,_RNvMs6_NtNtCsbRf3HNt4AAF_5armor7parsers6configNtB5_12ParserConfig15get_constructor
FN:518,_RNvMs6_NtNtCsbRf3HNt4AAF_5armor7parsers6configNtB5_12ParserConfig15get_validations
FN:492,_RNvMs6_NtNtCsbRf3HNt4AAF_5armor7parsers6configNtB5_12ParserConfig19register_validation
FN:398,_RNvMs6_NtNtCsbRf3HNt4AAF_5armor7parsers6configNtB5_12ParserConfig6strict
FN:371,_RNvMs6_NtNtCsbRf3HNt4AAF_5armor7parsers6configNtB5_12ParserConfig7builder
FN:430,_RNvMs6_NtNtCsbRf3HNt4AAF_5armor7parsers6configNtB5_12ParserConfig7lenient
FN:440,_RNvMs6_NtNtCsbRf3HNt4AAF_5armor7parsers6configNtB5_12ParserConfig9is_strict
FN:586,_RNvMs7_NtNtCsbRf3HNt4AAF_5armor7parsers6configNtB5_19ParserConfigBuilder12strict_types
FN:598,_RNvMs7_NtNtCsbRf3HNt4AAF_5armor7parsers6configNtB5_19ParserConfigBuilder15with_validation
FN:562,_RNvMs7_NtNtCsbRf3HNt4AAF_5armor7parsers6configNtB5_19ParserConfigBuilder16allow_duplicates
FN:568,_RNvMs7_NtNtCsbRf3HNt4AAF_5armor7parsers6configNtB5_19ParserConfigBuilder17preserve_comments
FN:549,_RNvMs7_NtNtCsbRf3HNt4AAF_5armor7parsers6configNtB5_19ParserConfigBuilder3new
FN:556,_RNvMs7_NtNtCsbRf3HNt4AAF_5armor7parsers6configNtB5_19ParserConfigBuilder4mode
FN:616,_RNvMs7_NtNtCsbRf3HNt4AAF_5armor7parsers6configNtB5_19ParserConfigBuilder5build
FN:580,_RNvMs7_NtNtCsbRf3HNt4AAF_5armor7parsers6configNtB5_19ParserConfigBuilder9max_depth
FN:646,_RNvNtNtNtCsbRf3HNt4AAF_5armor7parsers6config5testss_21test_type_constructor
FN:633,_RNvNtNtNtCsbRf3HNt4AAF_5armor7parsers6config5testss_23test_parser_mode_checks
FN:641,_RNvNtNtNtCsbRf3HNt4AAF_5armor7parsers6config5testss_24test_parser_mode_default
FN:627,_RNvNtNtNtCsbRf3HNt4AAF_5armor7parsers6config5testss_24test_parser_mode_display
FN:686,_RNvNtNtNtCsbRf3HNt4AAF_5armor7parsers6config5testss_25test_parser_config_strict
FN:728,_RNvNtNtNtCsbRf3HNt4AAF_5armor7parsers6config5testss_26test_parser_config_builder
FN:675,_RNvNtNtNtCsbRf3HNt4AAF_5armor7parsers6config5testss_26test_parser_config_default
FN:694,_RNvNtNtNtCsbRf3HNt4AAF_5armor7parsers6config5testss_26test_parser_config_lenient
FN:745,_RNvNtNtNtCsbRf3HNt4AAF_5armor7parsers6config5testss_37test_parser_config_builder_with_hooks
FN:660,_RNvNtNtNtCsbRf3HNt4AAF_5armor7parsers6config5testss_37test_validation_hook_pattern_matching
FN:715,_RNvNtNtNtCsbRf3HNt4AAF_5armor7parsers6config5testss_38test_parser_config_register_validation
FN:702,_RNvNtNtNtCsbRf3HNt4AAF_5armor7parsers6config5testss_39test_parser_config_register_constructor
FN:647,_RNvNvNtNtNtCsbRf3HNt4AAF_5armor7parsers6config5testss_21test_type_constructor18simple_constructor
FN:750,_RNvNvNtNtNtCsbRf3HNt4AAF_5armor7parsers6config5testss_37test_parser_config_builder_with_hooks10validation
FN:746,_RNvNvNtNtNtCsbRf3HNt4AAF_5armor7parsers6config5testss_37test_parser_config_builder_with_hooks11constructor
FN:661,_RNvNvNtNtNtCsbRf3HNt4AAF_5armor7parsers6config5testss_37test_validation_hook_pattern_matching4noop
FN:716,_RNvNvNtNtNtCsbRf3HNt4AAF_5armor7parsers6config5testss_38test_parser_config_register_validation16dummy_validation
FN:703,_RNvNvNtNtNtCsbRf3HNt4AAF_5armor7parsers6config5testss_39test_parser_config_register_constructor17dummy_constructor
FN:64,_RNvXs0_NtNtCsbRf3HNt4AAF_5armor7parsers6configNtB5_10ParserModeNtNtCs3BFokC4QLxY_4core7default7Default7default
FN:343,_RNvXs5_NtNtCsbRf3HNt4AAF_5armor7parsers6configNtB5_12ParserConfigNtNtCs3BFokC4QLxY_4core7default7Default7default
FN:55,_RNvXs_NtNtCsbRf3HNt4AAF_5armor7parsers6configNtB4_10ParserModeNtNtCs3BFokC4QLxY_4core3fmt7Display3fmt
FN:255,_RNvMs3_NtNtCsbRf3HNt4AAF_5armor7parsers6configNtB5_14ValidationHook8validate
FN:604,_RNvMs7_NtNtCsbRf3HNt4AAF_5armor7parsers6configNtB5_19ParserConfigBuilder13emit_warnings
FN:574,_RNvMs7_NtNtCsbRf3HNt4AAF_5armor7parsers6configNtB5_19ParserConfigBuilder15preserve_quotes
FN:610,_RNvMs7_NtNtCsbRf3HNt4AAF_5armor7parsers6configNtB5_19ParserConfigBuilder18warnings_as_errors
FN:155,_RNvXs2_NtNtCsbRf3HNt4AAF_5armor7parsers6configNtB5_15TypeConstructorNtNtCs3BFokC4QLxY_4core3fmt5Debug3fmt
FN:261,_RNvXs4_NtNtCsbRf3HNt4AAF_5armor7parsers6configNtB5_14ValidationHookNtNtCs3BFokC4QLxY_4core3fmt5Debug3fmt
FN:49,_RNvMNtNtCsiXKQ3ZuUVOr_5armor7parsers6configNtB2_10ParserMode10is_lenient
FN:44,_RNvMNtNtCsiXKQ3ZuUVOr_5armor7parsers6configNtB2_10ParserMode9is_strict
FN:149,_RNvMs1_NtNtCsiXKQ3ZuUVOr_5armor7parsers6configNtB5_15TypeConstructor9construct
FN:229,_RNvMs3_NtNtCsiXKQ3ZuUVOr_5armor7parsers6configNtB5_14ValidationHook10applies_to
FN:255,_RNvMs3_NtNtCsiXKQ3ZuUVOr_5armor7parsers6configNtB5_14ValidationHook8validate
FN:445,_RNvMs6_NtNtCsiXKQ3ZuUVOr_5armor7parsers6configNtB5_12ParserConfig10is_lenient
FN:505,_RNvMs6_NtNtCsiXKQ3ZuUVOr_5armor7parsers6configNtB5_12ParserConfig15get_constructor
FN:518,_RNvMs6_NtNtCsiXKQ3ZuUVOr_5armor7parsers6configNtB5_12ParserConfig15get_validations
FN:492,_RNvMs6_NtNtCsiXKQ3ZuUVOr_5armor7parsers6configNtB5_12ParserConfig19register_validation
FN:398,_RNvMs6_NtNtCsiXKQ3ZuUVOr_5armor7parsers6configNtB5_12ParserConfig6strict
FN:371,_RNvMs6_NtNtCsiXKQ3ZuUVOr_5armor7parsers6configNtB5_12ParserConfig7builder
FN:430,_RNvMs6_NtNtCsiXKQ3ZuUVOr_5armor7parsers6configNtB5_12ParserConfig7lenient
FN:440,_RNvMs6_NtNtCsiXKQ3ZuUVOr_5armor7parsers6configNtB5_12ParserConfig9is_strict
FN:586,_RNvMs7_NtNtCsiXKQ3ZuUVOr_5armor7parsers6configNtB5_19ParserConfigBuilder12strict_types
FN:604,_RNvMs7_NtNtCsiXKQ3ZuUVOr_5armor7parsers6configNtB5_19ParserConfigBuilder13emit_warnings
FN:574,_RNvMs7_NtNtCsiXKQ3ZuUVOr_5armor7parsers6configNtB5_19ParserConfigBuilder15preserve_quotes
FN:598,_RNvMs7_NtNtCsiXKQ3ZuUVOr_5armor7parsers6configNtB5_19ParserConfigBuilder15with_validation
FN:562,_RNvMs7_NtNtCsiXKQ3ZuUVOr_5armor7parsers6configNtB5_19ParserConfigBuilder16allow_duplicates
FN:568,_RNvMs7_NtNtCsiXKQ3ZuUVOr_5armor7parsers6configNtB5_19ParserConfigBuilder17preserve_comments
FN:610,_RNvMs7_NtNtCsiXKQ3ZuUVOr_5armor7parsers6configNtB5_19ParserConfigBuilder18warnings_as_errors
FN:549,_RNvMs7_NtNtCsiXKQ3ZuUVOr_5armor7parsers6configNtB5_19ParserConfigBuilder3new
FN:556,_RNvMs7_NtNtCsiXKQ3ZuUVOr_5armor7parsers6configNtB5_19ParserConfigBuilder4mode
FN:616,_RNvMs7_NtNtCsiXKQ3ZuUVOr_5armor7parsers6configNtB5_19ParserConfigBuilder5build
FN:580,_RNvMs7_NtNtCsiXKQ3ZuUVOr_5armor7parsers6configNtB5_19ParserConfigBuilder9max_depth
FN:64,_RNvXs0_NtNtCsiXKQ3ZuUVOr_5armor7parsers6configNtB5_10ParserModeNtNtCs3BFokC4QLxY_4core7default7Default7default
FN:155,_RNvXs2_NtNtCsiXKQ3ZuUVOr_5armor7parsers6configNtB5_15TypeConstructorNtNtCs3BFokC4QLxY_4core3fmt5Debug3fmt
FN:261,_RNvXs4_NtNtCsiXKQ3ZuUVOr_5armor7parsers6configNtB5_14ValidationHookNtNtCs3BFokC4QLxY_4core3fmt5Debug3fmt
FN:343,_RNvXs5_NtNtCsiXKQ3ZuUVOr_5armor7parsers6configNtB5_12ParserConfigNtNtCs3BFokC4QLxY_4core7default7Default7default
FN:55,_RNvXs_NtNtCsiXKQ3ZuUVOr_5armor7parsers6configNtB4_10ParserModeNtNtCs3BFokC4QLxY_4core3fmt7Display3fmt
FN:129,_RINvMs1_NtNtCsiXKQ3ZuUVOr_5armor7parsers6configNtB6_15TypeConstructor3newpEBa_
FN:213,_RINvMs3_NtNtCsiXKQ3ZuUVOr_5armor7parsers6configNtB6_14ValidationHook3newpEBa_
FN:469,_RINvMs6_NtNtCsiXKQ3ZuUVOr_5armor7parsers6configNtB6_12ParserConfig20register_constructorpEBa_
FN:592,_RINvMs7_NtNtCsiXKQ3ZuUVOr_5armor7parsers6configNtB6_19ParserConfigBuilder16with_constructorpEBa_
FN:521,_RNCNvMs6_NtNtCsiXKQ3ZuUVOr_5armor7parsers6configNtB7_12ParserConfig15get_validations0Bb_
FNDA:3,_RINvMs1_NtNtCsbRf3HNt4AAF_5armor7parsers6configNtB6_15TypeConstructor3newReEBa_
FNDA:4,_RINvMs3_NtNtCsbRf3HNt4AAF_5armor7parsers6configNtB6_14ValidationHook3newReEBa_
FNDA:2,_RINvMs6_NtNtCsbRf3HNt4AAF_5armor7parsers6configNtB6_12ParserConfig20register_constructorReEBa_
FNDA:1,_RINvMs7_NtNtCsbRf3HNt4AAF_5armor7parsers6configNtB6_19ParserConfigBuilder16with_constructorReEBa_
FNDA:2,_RNCNvMs6_NtNtCsbRf3HNt4AAF_5armor7parsers6configNtB7_12ParserConfig15get_validations0Bb_
FNDA:4,_RNvMNtNtCsbRf3HNt4AAF_5armor7parsers6configNtB2_10ParserMode10is_lenient
FNDA:4,_RNvMNtNtCsbRf3HNt4AAF_5armor7parsers6configNtB2_10ParserMode9is_strict
FNDA:1,_RNvMs1_NtNtCsbRf3HNt4AAF_5armor7parsers6configNtB5_15TypeConstructor9construct
FNDA:6,_RNvMs3_NtNtCsbRf3HNt4AAF_5armor7parsers6configNtB5_14ValidationHook10applies_to
FNDA:2,_RNvMs6_NtNtCsbRf3HNt4AAF_5armor7parsers6configNtB5_12ParserConfig10is_lenient
FNDA:3,_RNvMs6_NtNtCsbRf3HNt4AAF_5armor7parsers6configNtB5_12ParserConfig15get_constructor
FNDA:2,_RNvMs6_NtNtCsbRf3HNt4AAF_5armor7parsers6configNtB5_12ParserConfig15get_validations
FNDA:2,_RNvMs6_NtNtCsbRf3HNt4AAF_5armor7parsers6configNtB5_12ParserConfig19register_validation
FNDA:1,_RNvMs6_NtNtCsbRf3HNt4AAF_5armor7parsers6configNtB5_12ParserConfig6strict
FNDA:2,_RNvMs6_NtNtCsbRf3HNt4AAF_5armor7parsers6configNtB5_12ParserConfig7builder
FNDA:1,_RNvMs6_NtNtCsbRf3HNt4AAF_5armor7parsers6configNtB5_12ParserConfig7lenient
FNDA:2,_RNvMs6_NtNtCsbRf3HNt4AAF_5armor7parsers6configNtB5_12ParserConfig9is_strict
FNDA:1,_RNvMs7_NtNtCsbRf3HNt4AAF_5armor7parsers6configNtB5_19ParserConfigBuilder12strict_types
FNDA:1,_RNvMs7_NtNtCsbRf3HNt4AAF_5armor7parsers6configNtB5_19ParserConfigBuilder15with_validation
FNDA:1,_RNvMs7_NtNtCsbRf3HNt4AAF_5armor7parsers6configNtB5_19ParserConfigBuilder16allow_duplicates
FNDA:1,_RNvMs7_NtNtCsbRf3HNt4AAF_5armor7parsers6configNtB5_19ParserConfigBuilder17preserve_comments
FNDA:2,_RNvMs7_NtNtCsbRf3HNt4AAF_5armor7parsers6configNtB5_19ParserConfigBuilder3new
FNDA:1,_RNvMs7_NtNtCsbRf3HNt4AAF_5armor7parsers6configNtB5_19ParserConfigBuilder4mode
FNDA:2,_RNvMs7_NtNtCsbRf3HNt4AAF_5armor7parsers6configNtB5_19ParserConfigBuilder5build
FNDA:1,_RNvMs7_NtNtCsbRf3HNt4AAF_5armor7parsers6configNtB5_19ParserConfigBuilder9max_depth
FNDA:1,_RNvNtNtNtCsbRf3HNt4AAF_5armor7parsers6config5testss_21test_type_constructor
FNDA:1,_RNvNtNtNtCsbRf3HNt4AAF_5armor7parsers6config5testss_23test_parser_mode_checks
FNDA:1,_RNvNtNtNtCsbRf3HNt4AAF_5armor7parsers6config5testss_24test_parser_mode_default
FNDA:1,_RNvNtNtNtCsbRf3HNt4AAF_5armor7parsers6config5testss_24test_parser_mode_display
FNDA:1,_RNvNtNtNtCsbRf3HNt4AAF_5armor7parsers6config5testss_25test_parser_config_strict
FNDA:1,_RNvNtNtNtCsbRf3HNt4AAF_5armor7parsers6config5testss_26test_parser_config_builder
FNDA:1,_RNvNtNtNtCsbRf3HNt4AAF_5armor7parsers6config5testss_26test_parser_config_default
FNDA:1,_RNvNtNtNtCsbRf3HNt4AAF_5armor7parsers6config5testss_26test_parser_config_lenient
FNDA:1,_RNvNtNtNtCsbRf3HNt4AAF_5armor7parsers6config5testss_37test_parser_config_builder_with_hooks
FNDA:1,_RNvNtNtNtCsbRf3HNt4AAF_5armor7parsers6config5testss_37test_validation_hook_pattern_matching
FNDA:1,_RNvNtNtNtCsbRf3HNt4AAF_5armor7parsers6config5testss_38test_parser_config_register_validation
FNDA:1,_RNvNtNtNtCsbRf3HNt4AAF_5armor7parsers6config5testss_39test_parser_config_register_constructor
FNDA:1,_RNvNvNtNtNtCsbRf3HNt4AAF_5armor7parsers6config5testss_21test_type_constructor18simple_constructor
FNDA:0,_RNvNvNtNtNtCsbRf3HNt4AAF_5armor7parsers6config5testss_37test_parser_config_builder_with_hooks10validation
FNDA:0,_RNvNvNtNtNtCsbRf3HNt4AAF_5armor7parsers6config5testss_37test_parser_config_builder_with_hooks11constructor
FNDA:0,_RNvNvNtNtNtCsbRf3HNt4AAF_5armor7parsers6config5testss_37test_validation_hook_pattern_matching4noop
FNDA:0,_RNvNvNtNtNtCsbRf3HNt4AAF_5armor7parsers6config5testss_38test_parser_config_register_validation16dummy_validation
FNDA:0,_RNvNvNtNtNtCsbRf3HNt4AAF_5armor7parsers6config5testss_39test_parser_config_register_constructor17dummy_constructor
FNDA:8,_RNvXs0_NtNtCsbRf3HNt4AAF_5armor7parsers6configNtB5_10ParserModeNtNtCs3BFokC4QLxY_4core7default7Default7default
FNDA:7,_RNvXs5_NtNtCsbRf3HNt4AAF_5armor7parsers6configNtB5_12ParserConfigNtNtCs3BFokC4QLxY_4core7default7Default7default
FNDA:2,_RNvXs_NtNtCsbRf3HNt4AAF_5armor7parsers6configNtB4_10ParserModeNtNtCs3BFokC4QLxY_4core3fmt7Display3fmt
FNDA:0,_RNvMs3_NtNtCsbRf3HNt4AAF_5armor7parsers6configNtB5_14ValidationHook8validate
FNDA:0,_RNvMs7_NtNtCsbRf3HNt4AAF_5armor7parsers6configNtB5_19ParserConfigBuilder13emit_warnings
FNDA:0,_RNvMs7_NtNtCsbRf3HNt4AAF_5armor7parsers6configNtB5_19ParserConfigBuilder15preserve_quotes
FNDA:0,_RNvMs7_NtNtCsbRf3HNt4AAF_5armor7parsers6configNtB5_19ParserConfigBuilder18warnings_as_errors
FNDA:0,_RNvXs2_NtNtCsbRf3HNt4AAF_5armor7parsers6configNtB5_15TypeConstructorNtNtCs3BFokC4QLxY_4core3fmt5Debug3fmt
FNDA:0,_RNvXs4_NtNtCsbRf3HNt4AAF_5armor7parsers6configNtB5_14ValidationHookNtNtCs3BFokC4QLxY_4core3fmt5Debug3fmt
FNDA:0,_RNvMNtNtCsiXKQ3ZuUVOr_5armor7parsers6configNtB2_10ParserMode10is_lenient
FNDA:0,_RNvMNtNtCsiXKQ3ZuUVOr_5armor7parsers6configNtB2_10ParserMode9is_strict
FNDA:0,_RNvMs1_NtNtCsiXKQ3ZuUVOr_5armor7parsers6configNtB5_15TypeConstructor9construct
FNDA:0,_RNvMs3_NtNtCsiXKQ3ZuUVOr_5armor7parsers6configNtB5_14ValidationHook10applies_to
FNDA:0,_RNvMs3_NtNtCsiXKQ3ZuUVOr_5armor7parsers6configNtB5_14ValidationHook8validate
FNDA:0,_RNvMs6_NtNtCsiXKQ3ZuUVOr_5armor7parsers6configNtB5_12ParserConfig10is_lenient
FNDA:0,_RNvMs6_NtNtCsiXKQ3ZuUVOr_5armor7parsers6configNtB5_12ParserConfig15get_constructor
FNDA:0,_RNvMs6_NtNtCsiXKQ3ZuUVOr_5armor7parsers6configNtB5_12ParserConfig15get_validations
FNDA:0,_RNvMs6_NtNtCsiXKQ3ZuUVOr_5armor7parsers6configNtB5_12ParserConfig19register_validation
FNDA:0,_RNvMs6_NtNtCsiXKQ3ZuUVOr_5armor7parsers6configNtB5_12ParserConfig6strict
FNDA:0,_RNvMs6_NtNtCsiXKQ3ZuUVOr_5armor7parsers6configNtB5_12ParserConfig7builder
FNDA:0,_RNvMs6_NtNtCsiXKQ3ZuUVOr_5armor7parsers6configNtB5_12ParserConfig7lenient
FNDA:0,_RNvMs6_NtNtCsiXKQ3ZuUVOr_5armor7parsers6configNtB5_12ParserConfig9is_strict
FNDA:0,_RNvMs7_NtNtCsiXKQ3ZuUVOr_5armor7parsers6configNtB5_19ParserConfigBuilder12strict_types
FNDA:0,_RNvMs7_NtNtCsiXKQ3ZuUVOr_5armor7parsers6configNtB5_19ParserConfigBuilder13emit_warnings
FNDA:0,_RNvMs7_NtNtCsiXKQ3ZuUVOr_5armor7parsers6configNtB5_19ParserConfigBuilder15preserve_quotes
FNDA:0,_RNvMs7_NtNtCsiXKQ3ZuUVOr_5armor7parsers6configNtB5_19ParserConfigBuilder15with_validation
FNDA:0,_RNvMs7_NtNtCsiXKQ3ZuUVOr_5armor7parsers6configNtB5_19ParserConfigBuilder16allow_duplicates
FNDA:0,_RNvMs7_NtNtCsiXKQ3ZuUVOr_5armor7parsers6configNtB5_19ParserConfigBuilder17preserve_comments
FNDA:0,_RNvMs7_NtNtCsiXKQ3ZuUVOr_5armor7parsers6configNtB5_19ParserConfigBuilder18warnings_as_errors
FNDA:0,_RNvMs7_NtNtCsiXKQ3ZuUVOr_5armor7parsers6configNtB5_19ParserConfigBuilder3new
FNDA:0,_RNvMs7_NtNtCsiXKQ3ZuUVOr_5armor7parsers6configNtB5_19ParserConfigBuilder4mode
FNDA:0,_RNvMs7_NtNtCsiXKQ3ZuUVOr_5armor7parsers6configNtB5_19ParserConfigBuilder5build
FNDA:0,_RNvMs7_NtNtCsiXKQ3ZuUVOr_5armor7parsers6configNtB5_19ParserConfigBuilder9max_depth
FNDA:0,_RNvXs0_NtNtCsiXKQ3ZuUVOr_5armor7parsers6configNtB5_10ParserModeNtNtCs3BFokC4QLxY_4core7default7Default7default
FNDA:0,_RNvXs2_NtNtCsiXKQ3ZuUVOr_5armor7parsers6configNtB5_15TypeConstructorNtNtCs3BFokC4QLxY_4core3fmt5Debug3fmt
FNDA:0,_RNvXs4_NtNtCsiXKQ3ZuUVOr_5armor7parsers6configNtB5_14ValidationHookNtNtCs3BFokC4QLxY_4core3fmt5Debug3fmt
FNDA:0,_RNvXs5_NtNtCsiXKQ3ZuUVOr_5armor7parsers6configNtB5_12ParserConfigNtNtCs3BFokC4QLxY_4core7default7Default7default
FNDA:0,_RNvXs_NtNtCsiXKQ3ZuUVOr_5armor7parsers6configNtB4_10ParserModeNtNtCs3BFokC4QLxY_4core3fmt7Display3fmt
FNDA:0,_RINvMs1_NtNtCsiXKQ3ZuUVOr_5armor7parsers6configNtB6_15TypeConstructor3newpEBa_
FNDA:0,_RINvMs3_NtNtCsiXKQ3ZuUVOr_5armor7parsers6configNtB6_14ValidationHook3newpEBa_
FNDA:0,_RINvMs6_NtNtCsiXKQ3ZuUVOr_5armor7parsers6configNtB6_12ParserConfig20register_constructorpEBa_
FNDA:0,_RINvMs7_NtNtCsiXKQ3ZuUVOr_5armor7parsers6configNtB6_19ParserConfigBuilder16with_constructorpEBa_
FNDA:0,_RNCNvMs6_NtNtCsiXKQ3ZuUVOr_5armor7parsers6configNtB7_12ParserConfig15get_validations0Bb_
FNF:52
FNH:41
DA:44,4
DA:45,4
DA:46,4
DA:49,4
DA:50,4
DA:51,4
DA:55,2
DA:56,2
DA:57,1
DA:58,1
DA:60,2
DA:64,8
DA:66,8
DA:67,8
DA:129,3
DA:130,3
DA:131,3
DA:132,3
DA:133,3
DA:134,3
DA:149,1
DA:150,1
DA:151,1
DA:155,0
DA:156,0
DA:157,0
DA:158,0
DA:159,0
DA:160,0
DA:213,4
DA:214,4
DA:215,4
DA:216,4
DA:217,4
DA:218,4
DA:229,6
DA:230,6
DA:231,1
DA:232,5
DA:234,5
DA:235,4
DA:236,4
DA:237,1
DA:239,1
DA:240,6
DA:255,0
DA:256,0
DA:257,0
DA:261,0
DA:262,0
DA:263,0
DA:264,0
DA:265,0
DA:266,0
DA:343,7
DA:344,7
DA:345,7
DA:346,7
DA:347,7
DA:348,7
DA:349,7
DA:350,7
DA:351,7
DA:352,7
DA:353,7
DA:354,7
DA:355,7
DA:356,7
DA:371,2
DA:372,2
DA:373,2
DA:398,1
DA:399,1
DA:400,1
DA:401,1
DA:402,1
DA:403,1
DA:404,1
DA:405,1
DA:430,1
DA:431,1
DA:432,1
DA:433,1
DA:434,1
DA:435,1
DA:436,1
DA:437,1
DA:440,2
DA:441,2
DA:442,2
DA:445,2
DA:446,2
DA:447,2
DA:469,2
DA:470,2
DA:471,2
DA:492,2
DA:493,2
DA:494,2
DA:505,3
DA:506,3
DA:507,3
DA:518,2
DA:519,2
DA:520,2
DA:521,2
DA:522,2
DA:549,2
DA:550,2
DA:551,2
DA:552,2
DA:553,2
DA:556,1
DA:557,1
DA:558,1
DA:559,1
DA:562,1
DA:563,1
DA:564,1
DA:565,1
DA:568,1
DA:569,1
DA:570,1
DA:571,1
DA:574,0
DA:575,0
DA:576,0
DA:577,0
DA:580,1
DA:581,1
DA:582,1
DA:583,1
DA:586,1
DA:587,1
DA:588,1
DA:589,1
DA:592,1
DA:593,1
DA:594,1
DA:595,1
DA:598,1
DA:599,1
DA:600,1
DA:601,1
DA:604,0
DA:605,0
DA:606,0
DA:607,0
DA:610,0
DA:611,0
DA:612,0
DA:613,0
DA:616,2
DA:617,2
DA:618,2
DA:627,1
DA:628,1
DA:629,1
DA:630,1
DA:633,1
DA:634,1
DA:635,1
DA:636,1
DA:637,1
DA:638,1
DA:641,1
DA:642,1
DA:643,1
DA:646,1
DA:647,1
DA:648,1
DA:649,1
DA:651,1
DA:652,1
DA:654,1
DA:655,1
DA:656,1
DA:657,1
DA:660,1
DA:661,0
DA:662,0
DA:663,0
DA:665,1
DA:666,1
DA:667,1
DA:668,1
DA:670,1
DA:671,1
DA:672,1
DA:675,1
DA:676,1
DA:677,1
DA:678,1
DA:679,1
DA:680,1
DA:681,1
DA:682,1
DA:683,1
DA:686,1
DA:687,1
DA:688,1
DA:689,1
DA:690,1
DA:691,1
DA:694,1
DA:695,1
DA:696,1
DA:697,1
DA:698,1
DA:699,1
DA:702,1
DA:703,0
DA:704,0
DA:705,0
DA:707,1
DA:708,1
DA:710,1
DA:711,1
DA:712,1
DA:715,1
DA:716,0
DA:717,0
DA:718,0
DA:720,1
DA:721,1
DA:723,1
DA:724,1
DA:725,1
DA:728,1
DA:729,1
DA:730,1
DA:731,1
DA:732,1
DA:733,1
DA:734,1
DA:735,1
DA:737,1
DA:738,1
DA:739,1
DA:740,1
DA:741,1
DA:742,1
DA:745,1
DA:746,0
DA:747,0
DA:748,0
DA:750,0
DA:751,0
DA:752,0
DA:754,1
DA:755,1
DA:756,1
DA:757,1
DA:759,1
DA:760,1
DA:761,1
BRF:0
BRH:0
LF:257
LH:215
end_of_record
SF:/home/coding/ARMOR/src/parsers/traits.rs
FN:643,_RINvMs1_NtNtCsbRf3HNt4AAF_5armor7parsers6traitsNtB6_10ParseError10validationReEBa_
FN:648,_RINvMs1_NtNtCsbRf3HNt4AAF_5armor7parsers6traitsNtB6_10ParseError13type_mismatchReB1f_B1f_EBa_
FN:638,_RINvMs1_NtNtCsbRf3HNt4AAF_5armor7parsers6traitsNtB6_10ParseError2ioReEBa_
FN:633,_RINvMs1_NtNtCsbRf3HNt4AAF_5armor7parsers6traitsNtB6_10ParseError6syntaxReEBa_
FN:558,_RINvMs_NtNtCsbRf3HNt4AAF_5armor7parsers6traitsNtB5_13ParseMetadata12with_versionReEB9_
FN:552,_RINvMs_NtNtCsbRf3HNt4AAF_5armor7parsers6traitsNtB5_13ParseMetadata14with_extensionReEB9_
FN:528,_RINvMs_NtNtCsbRf3HNt4AAF_5armor7parsers6traitsNtB5_13ParseMetadata3newReB16_EB9_
FN:500,_RNvMNtNtCsbRf3HNt4AAF_5armor7parsers6traitsNtB2_12ParseOptions14with_delimiter
FN:494,_RNvMNtNtCsbRf3HNt4AAF_5armor7parsers6traitsNtB2_12ParseOptions14with_max_depth
FN:476,_RNvMNtNtCsbRf3HNt4AAF_5armor7parsers6traitsNtB2_12ParseOptions16with_strict_mode
FN:488,_RNvMNtNtCsbRf3HNt4AAF_5armor7parsers6traitsNtB2_12ParseOptions21with_allow_duplicates
FN:482,_RNvMNtNtCsbRf3HNt4AAF_5armor7parsers6traitsNtB2_12ParseOptions22with_preserve_comments
FN:429,_RNvMNtNtCsbRf3HNt4AAF_5armor7parsers6traitsNtB2_12ParseOptions3new
FN:446,_RNvMNtNtCsbRf3HNt4AAF_5armor7parsers6traitsNtB2_12ParseOptions6strict
FN:467,_RNvMNtNtCsbRf3HNt4AAF_5armor7parsers6traitsNtB2_12ParseOptions7lenient
FN:674,_RNvMs1_NtNtCsbRf3HNt4AAF_5armor7parsers6traitsNtB5_10ParseError13is_validation
FN:680,_RNvMs1_NtNtCsbRf3HNt4AAF_5armor7parsers6traitsNtB5_10ParseError16is_type_mismatch
FN:668,_RNvMs1_NtNtCsbRf3HNt4AAF_5armor7parsers6traitsNtB5_10ParseError5is_io
FN:686,_RNvMs1_NtNtCsbRf3HNt4AAF_5armor7parsers6traitsNtB5_10ParseError7summary
FN:662,_RNvMs1_NtNtCsbRf3HNt4AAF_5armor7parsers6traitsNtB5_10ParseError9is_syntax
FN:584,_RNvMs_NtNtCsbRf3HNt4AAF_5armor7parsers6traitsNtB4_13ParseMetadata10extensions
FN:540,_RNvMs_NtNtCsbRf3HNt4AAF_5armor7parsers6traitsNtB4_13ParseMetadata14with_streaming
FN:546,_RNvMs_NtNtCsbRf3HNt4AAF_5armor7parsers6traitsNtB4_13ParseMetadata16with_incremental
FN:574,_RNvMs_NtNtCsbRf3HNt4AAF_5armor7parsers6traitsNtB4_13ParseMetadata18supports_streaming
FN:579,_RNvMs_NtNtCsbRf3HNt4AAF_5armor7parsers6traitsNtB4_13ParseMetadata20supports_incremental
FN:564,_RNvMs_NtNtCsbRf3HNt4AAF_5armor7parsers6traitsNtB4_13ParseMetadata4name
FN:569,_RNvMs_NtNtCsbRf3HNt4AAF_5armor7parsers6traitsNtB4_13ParseMetadata6format
FN:589,_RNvMs_NtNtCsbRf3HNt4AAF_5armor7parsers6traitsNtB4_13ParseMetadata7version
FN:819,_RNvNtNtNtCsbRf3HNt4AAF_5armor7parsers6traits5testss_24test_parse_error_display
FN:808,_RNvNtNtNtCsbRf3HNt4AAF_5armor7parsers6traits5testss_24test_parse_error_summary
FN:793,_RNvNtNtNtCsbRf3HNt4AAF_5armor7parsers6traits5testss_25test_parse_error_creation
FN:735,_RNvNtNtNtCsbRf3HNt4AAF_5armor7parsers6traits5testss_25test_parse_options_strict
FN:749,_RNvNtNtNtCsbRf3HNt4AAF_5armor7parsers6traits5testss_26test_parse_options_builder
FN:725,_RNvNtNtNtCsbRf3HNt4AAF_5armor7parsers6traits5testss_26test_parse_options_default
FN:742,_RNvNtNtNtCsbRf3HNt4AAF_5armor7parsers6traits5testss_26test_parse_options_lenient
FN:776,_RNvNtNtNtCsbRf3HNt4AAF_5armor7parsers6traits5testss_27test_parse_metadata_builder
FN:765,_RNvNtNtNtCsbRf3HNt4AAF_5armor7parsers6traits5testss_27test_parse_metadata_default
FN:595,_RNvXs0_NtNtCsbRf3HNt4AAF_5armor7parsers6traitsNtB5_13ParseMetadataNtNtCs3BFokC4QLxY_4core7default7Default7default
FN:701,_RNvXs2_NtNtCsbRf3HNt4AAF_5armor7parsers6traitsNtB5_10ParseErrorNtNtCs3BFokC4QLxY_4core3fmt7Display3fmt
FN:657,_RINvMs1_NtNtCsbRf3HNt4AAF_5armor7parsers6traitsNtB6_10ParseError5otherpEBa_
FN:334,_RINvYpINtNtNtCsbRf3HNt4AAF_5armor7parsers6traits15StreamingParserppE14parse_parallelpEBb_
FN:200,_RNCNvYpINtNtNtCsbRf3HNt4AAF_5armor7parsers6traits6ParserppE10parse_file0Bc_
FN:709,_RNvXs4_NtNtCsbRf3HNt4AAF_5armor7parsers6traitsNtB5_10ParseErrorINtNtCs3BFokC4QLxY_4core7convert4FromNtNtNtB7_4yaml5error10ParseErrorE4from
FN:715,_RNvXs5_NtNtCsbRf3HNt4AAF_5armor7parsers6traitsNtB5_10ParseErrorINtNtCs3BFokC4QLxY_4core7convert4FromNtNtNtCs3JBboNF8E1m_3std2io5error5ErrorE4from
FN:194,_RNvYpINtNtNtCsbRf3HNt4AAF_5armor7parsers6traits6ParserppE10parse_fileBa_
FN:160,_RNvYpINtNtNtCsbRf3HNt4AAF_5armor7parsers6traits6ParserppE18parse_with_optionsBa_
FN:252,_RNvYpINtNtNtCsbRf3HNt4AAF_5armor7parsers6traits6ParserppE8metadataBa_
FN:229,_RNvYpINtNtNtCsbRf3HNt4AAF_5armor7parsers6traits6ParserppE8validateBa_
FN:500,_RNvMNtNtCsiXKQ3ZuUVOr_5armor7parsers6traitsNtB2_12ParseOptions14with_delimiter
FN:494,_RNvMNtNtCsiXKQ3ZuUVOr_5armor7parsers6traitsNtB2_12ParseOptions14with_max_depth
FN:476,_RNvMNtNtCsiXKQ3ZuUVOr_5armor7parsers6traitsNtB2_12ParseOptions16with_strict_mode
FN:488,_RNvMNtNtCsiXKQ3ZuUVOr_5armor7parsers6traitsNtB2_12ParseOptions21with_allow_duplicates
FN:482,_RNvMNtNtCsiXKQ3ZuUVOr_5armor7parsers6traitsNtB2_12ParseOptions22with_preserve_comments
FN:429,_RNvMNtNtCsiXKQ3ZuUVOr_5armor7parsers6traitsNtB2_12ParseOptions3new
FN:446,_RNvMNtNtCsiXKQ3ZuUVOr_5armor7parsers6traitsNtB2_12ParseOptions6strict
FN:467,_RNvMNtNtCsiXKQ3ZuUVOr_5armor7parsers6traitsNtB2_12ParseOptions7lenient
FN:674,_RNvMs1_NtNtCsiXKQ3ZuUVOr_5armor7parsers6traitsNtB5_10ParseError13is_validation
FN:680,_RNvMs1_NtNtCsiXKQ3ZuUVOr_5armor7parsers6traitsNtB5_10ParseError16is_type_mismatch
FN:668,_RNvMs1_NtNtCsiXKQ3ZuUVOr_5armor7parsers6traitsNtB5_10ParseError5is_io
FN:686,_RNvMs1_NtNtCsiXKQ3ZuUVOr_5armor7parsers6traitsNtB5_10ParseError7summary
FN:662,_RNvMs1_NtNtCsiXKQ3ZuUVOr_5armor7parsers6traitsNtB5_10ParseError9is_syntax
FN:584,_RNvMs_NtNtCsiXKQ3ZuUVOr_5armor7parsers6traitsNtB4_13ParseMetadata10extensions
FN:540,_RNvMs_NtNtCsiXKQ3ZuUVOr_5armor7parsers6traitsNtB4_13ParseMetadata14with_streaming
FN:546,_RNvMs_NtNtCsiXKQ3ZuUVOr_5armor7parsers6traitsNtB4_13ParseMetadata16with_incremental
FN:574,_RNvMs_NtNtCsiXKQ3ZuUVOr_5armor7parsers6traitsNtB4_13ParseMetadata18supports_streaming
FN:579,_RNvMs_NtNtCsiXKQ3ZuUVOr_5armor7parsers6traitsNtB4_13ParseMetadata20supports_incremental
FN:564,_RNvMs_NtNtCsiXKQ3ZuUVOr_5armor7parsers6traitsNtB4_13ParseMetadata4name
FN:569,_RNvMs_NtNtCsiXKQ3ZuUVOr_5armor7parsers6traitsNtB4_13ParseMetadata6format
FN:589,_RNvMs_NtNtCsiXKQ3ZuUVOr_5armor7parsers6traitsNtB4_13ParseMetadata7version
FN:595,_RNvXs0_NtNtCsiXKQ3ZuUVOr_5armor7parsers6traitsNtB5_13ParseMetadataNtNtCs3BFokC4QLxY_4core7default7Default7default
FN:701,_RNvXs2_NtNtCsiXKQ3ZuUVOr_5armor7parsers6traitsNtB5_10ParseErrorNtNtCs3BFokC4QLxY_4core3fmt7Display3fmt
FN:709,_RNvXs4_NtNtCsiXKQ3ZuUVOr_5armor7parsers6traitsNtB5_10ParseErrorINtNtCs3BFokC4QLxY_4core7convert4FromNtNtNtB7_4yaml5error10ParseErrorE4from
FN:715,_RNvXs5_NtNtCsiXKQ3ZuUVOr_5armor7parsers6traitsNtB5_10ParseErrorINtNtCs3BFokC4QLxY_4core7convert4FromNtNtNtCs3JBboNF8E1m_3std2io5error5ErrorE4from
FN:643,_RINvMs1_NtNtCsiXKQ3ZuUVOr_5armor7parsers6traitsNtB6_10ParseError10validationpEBa_
FN:648,_RINvMs1_NtNtCsiXKQ3ZuUVOr_5armor7parsers6traitsNtB6_10ParseError13type_mismatchpppEBa_
FN:638,_RINvMs1_NtNtCsiXKQ3ZuUVOr_5armor7parsers6traitsNtB6_10ParseError2iopEBa_
FN:657,_RINvMs1_NtNtCsiXKQ3ZuUVOr_5armor7parsers6traitsNtB6_10ParseError5otherpEBa_
FN:633,_RINvMs1_NtNtCsiXKQ3ZuUVOr_5armor7parsers6traitsNtB6_10ParseError6syntaxpEBa_
FN:558,_RINvMs_NtNtCsiXKQ3ZuUVOr_5armor7parsers6traitsNtB5_13ParseMetadata12with_versionpEB9_
FN:552,_RINvMs_NtNtCsiXKQ3ZuUVOr_5armor7parsers6traitsNtB5_13ParseMetadata14with_extensionpEB9_
FN:528,_RINvMs_NtNtCsiXKQ3ZuUVOr_5armor7parsers6traitsNtB5_13ParseMetadata3newppEB9_
FN:334,_RINvYpINtNtNtCsiXKQ3ZuUVOr_5armor7parsers6traits15StreamingParserppE14parse_parallelpEBb_
FN:200,_RNCNvYpINtNtNtCsiXKQ3ZuUVOr_5armor7parsers6traits6ParserppE10parse_file0Bc_
FN:194,_RNvYpINtNtNtCsiXKQ3ZuUVOr_5armor7parsers6traits6ParserppE10parse_fileBa_
FN:160,_RNvYpINtNtNtCsiXKQ3ZuUVOr_5armor7parsers6traits6ParserppE18parse_with_optionsBa_
FN:252,_RNvYpINtNtNtCsiXKQ3ZuUVOr_5armor7parsers6traits6ParserppE8metadataBa_
FN:229,_RNvYpINtNtNtCsiXKQ3ZuUVOr_5armor7parsers6traits6ParserppE8validateBa_
FNDA:2,_RINvMs1_NtNtCsbRf3HNt4AAF_5armor7parsers6traitsNtB6_10ParseError10validationReEBa_
FNDA:2,_RINvMs1_NtNtCsbRf3HNt4AAF_5armor7parsers6traitsNtB6_10ParseError13type_mismatchReB1f_B1f_EBa_
FNDA:1,_RINvMs1_NtNtCsbRf3HNt4AAF_5armor7parsers6traitsNtB6_10ParseError2ioReEBa_
FNDA:2,_RINvMs1_NtNtCsbRf3HNt4AAF_5armor7parsers6traitsNtB6_10ParseError6syntaxReEBa_
FNDA:1,_RINvMs_NtNtCsbRf3HNt4AAF_5armor7parsers6traitsNtB5_13ParseMetadata12with_versionReEB9_
FNDA:2,_RINvMs_NtNtCsbRf3HNt4AAF_5armor7parsers6traitsNtB5_13ParseMetadata14with_extensionReEB9_
FNDA:1,_RINvMs_NtNtCsbRf3HNt4AAF_5armor7parsers6traitsNtB5_13ParseMetadata3newReB16_EB9_
FNDA:1,_RNvMNtNtCsbRf3HNt4AAF_5armor7parsers6traitsNtB2_12ParseOptions14with_delimiter
FNDA:1,_RNvMNtNtCsbRf3HNt4AAF_5armor7parsers6traitsNtB2_12ParseOptions14with_max_depth
FNDA:1,_RNvMNtNtCsbRf3HNt4AAF_5armor7parsers6traitsNtB2_12ParseOptions16with_strict_mode
FNDA:1,_RNvMNtNtCsbRf3HNt4AAF_5armor7parsers6traitsNtB2_12ParseOptions21with_allow_duplicates
FNDA:1,_RNvMNtNtCsbRf3HNt4AAF_5armor7parsers6traitsNtB2_12ParseOptions22with_preserve_comments
FNDA:1,_RNvMNtNtCsbRf3HNt4AAF_5armor7parsers6traitsNtB2_12ParseOptions3new
FNDA:1,_RNvMNtNtCsbRf3HNt4AAF_5armor7parsers6traitsNtB2_12ParseOptions6strict
FNDA:1,_RNvMNtNtCsbRf3HNt4AAF_5armor7parsers6traitsNtB2_12ParseOptions7lenient
FNDA:1,_RNvMs1_NtNtCsbRf3HNt4AAF_5armor7parsers6traitsNtB5_10ParseError13is_validation
FNDA:1,_RNvMs1_NtNtCsbRf3HNt4AAF_5armor7parsers6traitsNtB5_10ParseError16is_type_mismatch
FNDA:1,_RNvMs1_NtNtCsbRf3HNt4AAF_5armor7parsers6traitsNtB5_10ParseError5is_io
FNDA:5,_RNvMs1_NtNtCsbRf3HNt4AAF_5armor7parsers6traitsNtB5_10ParseError7summary
FNDA:1,_RNvMs1_NtNtCsbRf3HNt4AAF_5armor7parsers6traitsNtB5_10ParseError9is_syntax
FNDA:1,_RNvMs_NtNtCsbRf3HNt4AAF_5armor7parsers6traitsNtB4_13ParseMetadata10extensions
FNDA:1,_RNvMs_NtNtCsbRf3HNt4AAF_5armor7parsers6traitsNtB4_13ParseMetadata14with_streaming
FNDA:1,_RNvMs_NtNtCsbRf3HNt4AAF_5armor7parsers6traitsNtB4_13ParseMetadata16with_incremental
FNDA:1,_RNvMs_NtNtCsbRf3HNt4AAF_5armor7parsers6traitsNtB4_13ParseMetadata18supports_streaming
FNDA:1,_RNvMs_NtNtCsbRf3HNt4AAF_5armor7parsers6traitsNtB4_13ParseMetadata20supports_incremental
FNDA:1,_RNvMs_NtNtCsbRf3HNt4AAF_5armor7parsers6traitsNtB4_13ParseMetadata4name
FNDA:1,_RNvMs_NtNtCsbRf3HNt4AAF_5armor7parsers6traitsNtB4_13ParseMetadata6format
FNDA:1,_RNvMs_NtNtCsbRf3HNt4AAF_5armor7parsers6traitsNtB4_13ParseMetadata7version
FNDA:1,_RNvNtNtNtCsbRf3HNt4AAF_5armor7parsers6traits5testss_24test_parse_error_display
FNDA:1,_RNvNtNtNtCsbRf3HNt4AAF_5armor7parsers6traits5testss_24test_parse_error_summary
FNDA:1,_RNvNtNtNtCsbRf3HNt4AAF_5armor7parsers6traits5testss_25test_parse_error_creation
FNDA:1,_RNvNtNtNtCsbRf3HNt4AAF_5armor7parsers6traits5testss_25test_parse_options_strict
FNDA:1,_RNvNtNtNtCsbRf3HNt4AAF_5armor7parsers6traits5testss_26test_parse_options_builder
FNDA:1,_RNvNtNtNtCsbRf3HNt4AAF_5armor7parsers6traits5testss_26test_parse_options_default
FNDA:1,_RNvNtNtNtCsbRf3HNt4AAF_5armor7parsers6traits5testss_26test_parse_options_lenient
FNDA:1,_RNvNtNtNtCsbRf3HNt4AAF_5armor7parsers6traits5testss_27test_parse_metadata_builder
FNDA:1,_RNvNtNtNtCsbRf3HNt4AAF_5armor7parsers6traits5testss_27test_parse_metadata_default
FNDA:1,_RNvXs0_NtNtCsbRf3HNt4AAF_5armor7parsers6traitsNtB5_13ParseMetadataNtNtCs3BFokC4QLxY_4core7default7Default7default
FNDA:1,_RNvXs2_NtNtCsbRf3HNt4AAF_5armor7parsers6traitsNtB5_10ParseErrorNtNtCs3BFokC4QLxY_4core3fmt7Display3fmt
FNDA:0,_RINvMs1_NtNtCsbRf3HNt4AAF_5armor7parsers6traitsNtB6_10ParseError5otherpEBa_
FNDA:0,_RINvYpINtNtNtCsbRf3HNt4AAF_5armor7parsers6traits15StreamingParserppE14parse_parallelpEBb_
FNDA:0,_RNCNvYpINtNtNtCsbRf3HNt4AAF_5armor7parsers6traits6ParserppE10parse_file0Bc_
FNDA:0,_RNvXs4_NtNtCsbRf3HNt4AAF_5armor7parsers6traitsNtB5_10ParseErrorINtNtCs3BFokC4QLxY_4core7convert4FromNtNtNtB7_4yaml5error10ParseErrorE4from
FNDA:0,_RNvXs5_NtNtCsbRf3HNt4AAF_5armor7parsers6traitsNtB5_10ParseErrorINtNtCs3BFokC4QLxY_4core7convert4FromNtNtNtCs3JBboNF8E1m_3std2io5error5ErrorE4from
FNDA:0,_RNvYpINtNtNtCsbRf3HNt4AAF_5armor7parsers6traits6ParserppE10parse_fileBa_
FNDA:0,_RNvYpINtNtNtCsbRf3HNt4AAF_5armor7parsers6traits6ParserppE18parse_with_optionsBa_
FNDA:0,_RNvYpINtNtNtCsbRf3HNt4AAF_5armor7parsers6traits6ParserppE8metadataBa_
FNDA:0,_RNvYpINtNtNtCsbRf3HNt4AAF_5armor7parsers6traits6ParserppE8validateBa_
FNDA:0,_RNvMNtNtCsiXKQ3ZuUVOr_5armor7parsers6traitsNtB2_12ParseOptions14with_delimiter
FNDA:0,_RNvMNtNtCsiXKQ3ZuUVOr_5armor7parsers6traitsNtB2_12ParseOptions14with_max_depth
FNDA:0,_RNvMNtNtCsiXKQ3ZuUVOr_5armor7parsers6traitsNtB2_12ParseOptions16with_strict_mode
FNDA:0,_RNvMNtNtCsiXKQ3ZuUVOr_5armor7parsers6traitsNtB2_12ParseOptions21with_allow_duplicates
FNDA:0,_RNvMNtNtCsiXKQ3ZuUVOr_5armor7parsers6traitsNtB2_12ParseOptions22with_preserve_comments
FNDA:0,_RNvMNtNtCsiXKQ3ZuUVOr_5armor7parsers6traitsNtB2_12ParseOptions3new
FNDA:0,_RNvMNtNtCsiXKQ3ZuUVOr_5armor7parsers6traitsNtB2_12ParseOptions6strict
FNDA:0,_RNvMNtNtCsiXKQ3ZuUVOr_5armor7parsers6traitsNtB2_12ParseOptions7lenient
FNDA:0,_RNvMs1_NtNtCsiXKQ3ZuUVOr_5armor7parsers6traitsNtB5_10ParseError13is_validation
FNDA:0,_RNvMs1_NtNtCsiXKQ3ZuUVOr_5armor7parsers6traitsNtB5_10ParseError16is_type_mismatch
FNDA:0,_RNvMs1_NtNtCsiXKQ3ZuUVOr_5armor7parsers6traitsNtB5_10ParseError5is_io
FNDA:0,_RNvMs1_NtNtCsiXKQ3ZuUVOr_5armor7parsers6traitsNtB5_10ParseError7summary
FNDA:0,_RNvMs1_NtNtCsiXKQ3ZuUVOr_5armor7parsers6traitsNtB5_10ParseError9is_syntax
FNDA:0,_RNvMs_NtNtCsiXKQ3ZuUVOr_5armor7parsers6traitsNtB4_13ParseMetadata10extensions
FNDA:0,_RNvMs_NtNtCsiXKQ3ZuUVOr_5armor7parsers6traitsNtB4_13ParseMetadata14with_streaming
FNDA:0,_RNvMs_NtNtCsiXKQ3ZuUVOr_5armor7parsers6traitsNtB4_13ParseMetadata16with_incremental
FNDA:0,_RNvMs_NtNtCsiXKQ3ZuUVOr_5armor7parsers6traitsNtB4_13ParseMetadata18supports_streaming
FNDA:0,_RNvMs_NtNtCsiXKQ3ZuUVOr_5armor7parsers6traitsNtB4_13ParseMetadata20supports_incremental
FNDA:0,_RNvMs_NtNtCsiXKQ3ZuUVOr_5armor7parsers6traitsNtB4_13ParseMetadata4name
FNDA:0,_RNvMs_NtNtCsiXKQ3ZuUVOr_5armor7parsers6traitsNtB4_13ParseMetadata6format
FNDA:0,_RNvMs_NtNtCsiXKQ3ZuUVOr_5armor7parsers6traitsNtB4_13ParseMetadata7version
FNDA:0,_RNvXs0_NtNtCsiXKQ3ZuUVOr_5armor7parsers6traitsNtB5_13ParseMetadataNtNtCs3BFokC4QLxY_4core7default7Default7default
FNDA:0,_RNvXs2_NtNtCsiXKQ3ZuUVOr_5armor7parsers6traitsNtB5_10ParseErrorNtNtCs3BFokC4QLxY_4core3fmt7Display3fmt
FNDA:0,_RNvXs4_NtNtCsiXKQ3ZuUVOr_5armor7parsers6traitsNtB5_10ParseErrorINtNtCs3BFokC4QLxY_4core7convert4FromNtNtNtB7_4yaml5error10ParseErrorE4from
FNDA:0,_RNvXs5_NtNtCsiXKQ3ZuUVOr_5armor7parsers6traitsNtB5_10ParseErrorINtNtCs3BFokC4QLxY_4core7convert4FromNtNtNtCs3JBboNF8E1m_3std2io5error5ErrorE4from
FNDA:0,_RINvMs1_NtNtCsiXKQ3ZuUVOr_5armor7parsers6traitsNtB6_10ParseError10validationpEBa_
FNDA:0,_RINvMs1_NtNtCsiXKQ3ZuUVOr_5armor7parsers6traitsNtB6_10ParseError13type_mismatchpppEBa_
FNDA:0,_RINvMs1_NtNtCsiXKQ3ZuUVOr_5armor7parsers6traitsNtB6_10ParseError2iopEBa_
FNDA:0,_RINvMs1_NtNtCsiXKQ3ZuUVOr_5armor7parsers6traitsNtB6_10ParseError5otherpEBa_
FNDA:0,_RINvMs1_NtNtCsiXKQ3ZuUVOr_5armor7parsers6traitsNtB6_10ParseError6syntaxpEBa_
FNDA:0,_RINvMs_NtNtCsiXKQ3ZuUVOr_5armor7parsers6traitsNtB5_13ParseMetadata12with_versionpEB9_
FNDA:0,_RINvMs_NtNtCsiXKQ3ZuUVOr_5armor7parsers6traitsNtB5_13ParseMetadata14with_extensionpEB9_
FNDA:0,_RINvMs_NtNtCsiXKQ3ZuUVOr_5armor7parsers6traitsNtB5_13ParseMetadata3newppEB9_
FNDA:0,_RINvYpINtNtNtCsiXKQ3ZuUVOr_5armor7parsers6traits15StreamingParserppE14parse_parallelpEBb_
FNDA:0,_RNCNvYpINtNtNtCsiXKQ3ZuUVOr_5armor7parsers6traits6ParserppE10parse_file0Bc_
FNDA:0,_RNvYpINtNtNtCsiXKQ3ZuUVOr_5armor7parsers6traits6ParserppE10parse_fileBa_
FNDA:0,_RNvYpINtNtNtCsiXKQ3ZuUVOr_5armor7parsers6traits6ParserppE18parse_with_optionsBa_
FNDA:0,_RNvYpINtNtNtCsiXKQ3ZuUVOr_5armor7parsers6traits6ParserppE8metadataBa_
FNDA:0,_RNvYpINtNtNtCsiXKQ3ZuUVOr_5armor7parsers6traits6ParserppE8validateBa_
FNF:48
FNH:39
DA:160,0
DA:161,0
DA:162,0
DA:163,0
DA:194,0
DA:195,0
DA:196,0
DA:197,0
DA:199,0
DA:200,0
DA:201,0
DA:202,0
DA:229,0
DA:230,0
DA:231,0
DA:232,0
DA:252,0
DA:253,0
DA:254,0
DA:334,0
DA:335,0
DA:336,0
DA:337,0
DA:338,0
DA:339,0
DA:340,0
DA:341,0
DA:344,0
DA:345,0
DA:429,1
DA:430,1
DA:431,1
DA:446,1
DA:447,1
DA:448,1
DA:449,1
DA:450,1
DA:451,1
DA:452,1
DA:467,1
DA:468,1
DA:469,1
DA:470,1
DA:471,1
DA:472,1
DA:473,1
DA:476,1
DA:477,1
DA:478,1
DA:479,1
DA:482,1
DA:483,1
DA:484,1
DA:485,1
DA:488,1
DA:489,1
DA:490,1
DA:491,1
DA:494,1
DA:495,1
DA:496,1
DA:497,1
DA:500,1
DA:501,1
DA:502,1
DA:503,1
DA:528,1
DA:529,1
DA:530,1
DA:531,1
DA:532,1
DA:533,1
DA:534,1
DA:535,1
DA:536,1
DA:537,1
DA:540,1
DA:541,1
DA:542,1
DA:543,1
DA:546,1
DA:547,1
DA:548,1
DA:549,1
DA:552,2
DA:553,2
DA:554,2
DA:555,2
DA:558,1
DA:559,1
DA:560,1
DA:561,1
DA:564,1
DA:565,1
DA:566,1
DA:569,1
DA:570,1
DA:571,1
DA:574,1
DA:575,1
DA:576,1
DA:579,1
DA:580,1
DA:581,1
DA:584,1
DA:585,1
DA:586,1
DA:589,1
DA:590,1
DA:591,1
DA:595,1
DA:596,1
DA:597,1
DA:598,1
DA:599,1
DA:600,1
DA:601,1
DA:602,1
DA:603,1
DA:604,1
DA:633,2
DA:634,2
DA:635,2
DA:638,1
DA:639,1
DA:640,1
DA:643,2
DA:644,2
DA:645,2
DA:648,2
DA:649,2
DA:650,2
DA:651,2
DA:652,2
DA:653,2
DA:654,2
DA:657,0
DA:658,0
DA:659,0
DA:662,1
DA:663,1
DA:664,0
DA:665,1
DA:668,1
DA:669,1
DA:670,0
DA:671,1
DA:674,1
DA:675,1
DA:676,0
DA:677,1
DA:680,1
DA:681,1
DA:682,0
DA:683,1
DA:686,5
DA:687,5
DA:688,0
DA:689,0
DA:690,1
DA:691,2
DA:692,2
DA:694,2
DA:695,0
DA:697,5
DA:701,1
DA:702,1
DA:703,1
DA:709,0
DA:710,0
DA:711,0
DA:715,0
DA:716,0
DA:717,0
DA:725,1
DA:726,1
DA:727,1
DA:728,1
DA:729,1
DA:730,1
DA:731,1
DA:732,1
DA:735,1
DA:736,1
DA:737,1
DA:738,1
DA:739,1
DA:742,1
DA:743,1
DA:744,1
DA:745,1
DA:746,1
DA:749,1
DA:750,1
DA:751,1
DA:752,1
DA:753,1
DA:754,1
DA:755,1
DA:757,1
DA:758,1
DA:759,1
DA:760,1
DA:761,1
DA:762,1
DA:765,1
DA:766,1
DA:767,1
DA:768,1
DA:769,1
DA:770,1
DA:771,1
DA:772,1
DA:773,1
DA:776,1
DA:777,1
DA:778,1
DA:779,1
DA:780,1
DA:781,1
DA:782,1
DA:784,1
DA:785,1
DA:786,1
DA:787,1
DA:788,1
DA:789,1
DA:790,1
DA:793,1
DA:794,1
DA:795,1
DA:797,1
DA:798,1
DA:800,1
DA:801,1
DA:803,1
DA:804,1
DA:805,1
DA:808,1
DA:809,1
DA:810,1
DA:811,1
DA:813,1
DA:814,1
DA:815,1
DA:816,1
DA:819,1
DA:820,1
DA:821,1
DA:822,1
DA:823,1
DA:824,1
BRF:0
BRH:0
LF:253
LH:207
end_of_record
SF:/home/coding/ARMOR/src/parsers/yaml/error.rs
FN:748,_RNvMNtNtNtCsbRf3HNt4AAF_5armor7parsers4yaml5errorNtB2_10ParseError13is_validation
FN:576,_RNvMNtNtNtCsbRf3HNt4AAF_5armor7parsers4yaml5errorNtB2_10ParseError15location_string
FN:753,_RNvMNtNtNtCsbRf3HNt4AAF_5armor7parsers4yaml5errorNtB2_10ParseError16is_type_mismatch
FN:743,_RNvMNtNtNtCsbRf3HNt4AAF_5armor7parsers4yaml5errorNtB2_10ParseError5is_io
FN:614,_RNvMNtNtNtCsbRf3HNt4AAF_5armor7parsers4yaml5errorNtB2_10ParseError7summary
FN:738,_RNvMNtNtNtCsbRf3HNt4AAF_5armor7parsers4yaml5errorNtB2_10ParseError9is_syntax
FN:876,_RNvXs3_NtNtNtCsbRf3HNt4AAF_5armor7parsers4yaml5errorNtB5_14ParseErrorKindNtNtCs3BFokC4QLxY_4core3fmt7Display3fmt
FN:719,_RINvMNtNtNtCsbRf3HNt4AAF_5armor7parsers4yaml5errorNtB3_10ParseError10validationpEB9_
FN:520,_RINvMNtNtNtCsbRf3HNt4AAF_5armor7parsers4yaml5errorNtB3_10ParseError12with_contextpEB9_
FN:499,_RINvMNtNtNtCsbRf3HNt4AAF_5armor7parsers4yaml5errorNtB3_10ParseError12with_snippetpEB9_
FN:729,_RINvMNtNtNtCsbRf3HNt4AAF_5armor7parsers4yaml5errorNtB3_10ParseError13type_mismatchpppEB9_
FN:714,_RINvMNtNtNtCsbRf3HNt4AAF_5armor7parsers4yaml5errorNtB3_10ParseError2iopEB9_
FN:709,_RINvMNtNtNtCsbRf3HNt4AAF_5armor7parsers4yaml5errorNtB3_10ParseError6syntaxpEB9_
FN:476,_RINvMNtNtNtCsbRf3HNt4AAF_5armor7parsers4yaml5errorNtB3_10ParseError9with_pathpEB9_
FN:457,_RNvMNtNtNtCsbRf3HNt4AAF_5armor7parsers4yaml5errorNtB2_10ParseError11with_column
FN:540,_RNvMNtNtNtCsbRf3HNt4AAF_5armor7parsers4yaml5errorNtB2_10ParseError13with_location
FN:648,_RNvMNtNtNtCsbRf3HNt4AAF_5armor7parsers4yaml5errorNtB2_10ParseError15detailed_report
FN:698,_RNvMNtNtNtCsbRf3HNt4AAF_5armor7parsers4yaml5errorNtB2_10ParseError17format_structured
FN:415,_RNvMNtNtNtCsbRf3HNt4AAF_5armor7parsers4yaml5errorNtB2_10ParseError3new
FN:439,_RNvMNtNtNtCsbRf3HNt4AAF_5armor7parsers4yaml5errorNtB2_10ParseError9with_line
FN:786,_RNvXs1_NtNtNtCsbRf3HNt4AAF_5armor7parsers4yaml5errorNtB5_10ParseErrorNtNtCs3BFokC4QLxY_4core3cmp9PartialEq2eq
FN:797,_RNvXs2_NtNtNtCsbRf3HNt4AAF_5armor7parsers4yaml5errorNtB5_10ParseErrorNtNtCs3BFokC4QLxY_4core3fmt5Debug3fmt
FN:901,_RNvXs4_NtNtNtCsbRf3HNt4AAF_5armor7parsers4yaml5errorNtB5_10ParseErrorINtNtCs3BFokC4QLxY_4core7convert4FromNtNtNtCs3JBboNF8E1m_3std2io5error5ErrorE4from
FN:907,_RNvXs5_NtNtNtCsbRf3HNt4AAF_5armor7parsers4yaml5errorNtB5_10ParseErrorINtNtCs3BFokC4QLxY_4core7convert4FromNtNtCs9jGxXgzlsBn_10serde_yaml5error5ErrorE4from
FN:927,_RNvXs6_NtNtNtCsbRf3HNt4AAF_5armor7parsers4yaml5errorNtB5_10ParseErrorINtNtCs3BFokC4QLxY_4core7convert4FromNtNtNtB1a_3str5error9Utf8ErrorE4from
FN:933,_RNvXs7_NtNtNtCsbRf3HNt4AAF_5armor7parsers4yaml5errorNtB5_10ParseErrorINtNtCs3BFokC4QLxY_4core7convert4FromNtNtCs8y6E41fb8tc_5alloc6string13FromUtf8ErrorE4from
FN:759,_RNvXs_NtNtNtCsbRf3HNt4AAF_5armor7parsers4yaml5errorNtB4_10ParseErrorNtNtCs3BFokC4QLxY_4core3fmt7Display3fmt
FN:719,_RINvMNtNtNtCsiXKQ3ZuUVOr_5armor7parsers4yaml5errorNtB3_10ParseError10validationReECsfqhiSsJBJjh_24parse_error_display_test
FN:520,_RINvMNtNtNtCsiXKQ3ZuUVOr_5armor7parsers4yaml5errorNtB3_10ParseError12with_contextReECsfqhiSsJBJjh_24parse_error_display_test
FN:499,_RINvMNtNtNtCsiXKQ3ZuUVOr_5armor7parsers4yaml5errorNtB3_10ParseError12with_snippetReECsfqhiSsJBJjh_24parse_error_display_test
FN:729,_RINvMNtNtNtCsiXKQ3ZuUVOr_5armor7parsers4yaml5errorNtB3_10ParseError13type_mismatchReB1i_B1i_ECsfqhiSsJBJjh_24parse_error_display_test
FN:714,_RINvMNtNtNtCsiXKQ3ZuUVOr_5armor7parsers4yaml5errorNtB3_10ParseError2ioReECsfqhiSsJBJjh_24parse_error_display_test
FN:709,_RINvMNtNtNtCsiXKQ3ZuUVOr_5armor7parsers4yaml5errorNtB3_10ParseError6syntaxReECsfqhiSsJBJjh_24parse_error_display_test
FN:476,_RINvMNtNtNtCsiXKQ3ZuUVOr_5armor7parsers4yaml5errorNtB3_10ParseError9with_pathReECsfqhiSsJBJjh_24parse_error_display_test
FN:520,_RINvMNtNtNtCsiXKQ3ZuUVOr_5armor7parsers4yaml5errorNtB3_10ParseError12with_contextNtNtCs8y6E41fb8tc_5alloc6string6StringEB9_
FN:457,_RNvMNtNtNtCsiXKQ3ZuUVOr_5armor7parsers4yaml5errorNtB2_10ParseError11with_column
FN:748,_RNvMNtNtNtCsiXKQ3ZuUVOr_5armor7parsers4yaml5errorNtB2_10ParseError13is_validation
FN:540,_RNvMNtNtNtCsiXKQ3ZuUVOr_5armor7parsers4yaml5errorNtB2_10ParseError13with_location
FN:648,_RNvMNtNtNtCsiXKQ3ZuUVOr_5armor7parsers4yaml5errorNtB2_10ParseError15detailed_report
FN:576,_RNvMNtNtNtCsiXKQ3ZuUVOr_5armor7parsers4yaml5errorNtB2_10ParseError15location_string
FN:753,_RNvMNtNtNtCsiXKQ3ZuUVOr_5armor7parsers4yaml5errorNtB2_10ParseError16is_type_mismatch
FN:698,_RNvMNtNtNtCsiXKQ3ZuUVOr_5armor7parsers4yaml5errorNtB2_10ParseError17format_structured
FN:415,_RNvMNtNtNtCsiXKQ3ZuUVOr_5armor7parsers4yaml5errorNtB2_10ParseError3new
FN:743,_RNvMNtNtNtCsiXKQ3ZuUVOr_5armor7parsers4yaml5errorNtB2_10ParseError5is_io
FN:614,_RNvMNtNtNtCsiXKQ3ZuUVOr_5armor7parsers4yaml5errorNtB2_10ParseError7summary
FN:738,_RNvMNtNtNtCsiXKQ3ZuUVOr_5armor7parsers4yaml5errorNtB2_10ParseError9is_syntax
FN:439,_RNvMNtNtNtCsiXKQ3ZuUVOr_5armor7parsers4yaml5errorNtB2_10ParseError9with_line
FN:786,_RNvXs1_NtNtNtCsiXKQ3ZuUVOr_5armor7parsers4yaml5errorNtB5_10ParseErrorNtNtCs3BFokC4QLxY_4core3cmp9PartialEq2eq
FN:797,_RNvXs2_NtNtNtCsiXKQ3ZuUVOr_5armor7parsers4yaml5errorNtB5_10ParseErrorNtNtCs3BFokC4QLxY_4core3fmt5Debug3fmt
FN:876,_RNvXs3_NtNtNtCsiXKQ3ZuUVOr_5armor7parsers4yaml5errorNtB5_14ParseErrorKindNtNtCs3BFokC4QLxY_4core3fmt7Display3fmt
FN:901,_RNvXs4_NtNtNtCsiXKQ3ZuUVOr_5armor7parsers4yaml5errorNtB5_10ParseErrorINtNtCs3BFokC4QLxY_4core7convert4FromNtNtNtCs3JBboNF8E1m_3std2io5error5ErrorE4from
FN:907,_RNvXs5_NtNtNtCsiXKQ3ZuUVOr_5armor7parsers4yaml5errorNtB5_10ParseErrorINtNtCs3BFokC4QLxY_4core7convert4FromNtNtCs9jGxXgzlsBn_10serde_yaml5error5ErrorE4from
FN:927,_RNvXs6_NtNtNtCsiXKQ3ZuUVOr_5armor7parsers4yaml5errorNtB5_10ParseErrorINtNtCs3BFokC4QLxY_4core7convert4FromNtNtNtB1a_3str5error9Utf8ErrorE4from
FN:933,_RNvXs7_NtNtNtCsiXKQ3ZuUVOr_5armor7parsers4yaml5errorNtB5_10ParseErrorINtNtCs3BFokC4QLxY_4core7convert4FromNtNtCs8y6E41fb8tc_5alloc6string13FromUtf8ErrorE4from
FN:759,_RNvXs_NtNtNtCsiXKQ3ZuUVOr_5armor7parsers4yaml5errorNtB4_10ParseErrorNtNtCs3BFokC4QLxY_4core3fmt7Display3fmt
FN:719,_RINvMNtNtNtCsiXKQ3ZuUVOr_5armor7parsers4yaml5errorNtB3_10ParseError10validationpEB9_
FN:499,_RINvMNtNtNtCsiXKQ3ZuUVOr_5armor7parsers4yaml5errorNtB3_10ParseError12with_snippetpEB9_
FN:729,_RINvMNtNtNtCsiXKQ3ZuUVOr_5armor7parsers4yaml5errorNtB3_10ParseError13type_mismatchpppEB9_
FN:714,_RINvMNtNtNtCsiXKQ3ZuUVOr_5armor7parsers4yaml5errorNtB3_10ParseError2iopEB9_
FN:709,_RINvMNtNtNtCsiXKQ3ZuUVOr_5armor7parsers4yaml5errorNtB3_10ParseError6syntaxpEB9_
FN:476,_RINvMNtNtNtCsiXKQ3ZuUVOr_5armor7parsers4yaml5errorNtB3_10ParseError9with_pathpEB9_
FN:719,_RINvMNtNtNtCsiXKQ3ZuUVOr_5armor7parsers4yaml5errorNtB3_10ParseError10validationNtNtCs8y6E41fb8tc_5alloc6string6StringECsd3U02g4BKxX_43parse_error_full_lifecycle_integration_test
FN:719,_RINvMNtNtNtCsiXKQ3ZuUVOr_5armor7parsers4yaml5errorNtB3_10ParseError10validationReECsd3U02g4BKxX_43parse_error_full_lifecycle_integration_test
FN:520,_RINvMNtNtNtCsiXKQ3ZuUVOr_5armor7parsers4yaml5errorNtB3_10ParseError12with_contextReECsd3U02g4BKxX_43parse_error_full_lifecycle_integration_test
FN:499,_RINvMNtNtNtCsiXKQ3ZuUVOr_5armor7parsers4yaml5errorNtB3_10ParseError12with_snippetReECsd3U02g4BKxX_43parse_error_full_lifecycle_integration_test
FN:729,_RINvMNtNtNtCsiXKQ3ZuUVOr_5armor7parsers4yaml5errorNtB3_10ParseError13type_mismatchReB1i_B1i_ECsd3U02g4BKxX_43parse_error_full_lifecycle_integration_test
FN:714,_RINvMNtNtNtCsiXKQ3ZuUVOr_5armor7parsers4yaml5errorNtB3_10ParseError2ioNtNtCs8y6E41fb8tc_5alloc6string6StringECsd3U02g4BKxX_43parse_error_full_lifecycle_integration_test
FN:714,_RINvMNtNtNtCsiXKQ3ZuUVOr_5armor7parsers4yaml5errorNtB3_10ParseError2ioReECsd3U02g4BKxX_43parse_error_full_lifecycle_integration_test
FN:709,_RINvMNtNtNtCsiXKQ3ZuUVOr_5armor7parsers4yaml5errorNtB3_10ParseError6syntaxReECsd3U02g4BKxX_43parse_error_full_lifecycle_integration_test
FN:476,_RINvMNtNtNtCsiXKQ3ZuUVOr_5armor7parsers4yaml5errorNtB3_10ParseError9with_pathNtNtCs8y6E41fb8tc_5alloc6string6StringECsd3U02g4BKxX_43parse_error_full_lifecycle_integration_test
FN:476,_RINvMNtNtNtCsiXKQ3ZuUVOr_5armor7parsers4yaml5errorNtB3_10ParseError9with_pathReECsd3U02g4BKxX_43parse_error_full_lifecycle_integration_test
FN:719,_RINvMNtNtNtCsiXKQ3ZuUVOr_5armor7parsers4yaml5errorNtB3_10ParseError10validationNtNtCs8y6E41fb8tc_5alloc6string6StringECsg1CvOFVNHs7_28parse_error_integration_test
FN:719,_RINvMNtNtNtCsiXKQ3ZuUVOr_5armor7parsers4yaml5errorNtB3_10ParseError10validationReECsg1CvOFVNHs7_28parse_error_integration_test
FN:520,_RINvMNtNtNtCsiXKQ3ZuUVOr_5armor7parsers4yaml5errorNtB3_10ParseError12with_contextReECsg1CvOFVNHs7_28parse_error_integration_test
FN:499,_RINvMNtNtNtCsiXKQ3ZuUVOr_5armor7parsers4yaml5errorNtB3_10ParseError12with_snippetReECsg1CvOFVNHs7_28parse_error_integration_test
FN:729,_RINvMNtNtNtCsiXKQ3ZuUVOr_5armor7parsers4yaml5errorNtB3_10ParseError13type_mismatchReB1i_B1i_ECsg1CvOFVNHs7_28parse_error_integration_test
FN:714,_RINvMNtNtNtCsiXKQ3ZuUVOr_5armor7parsers4yaml5errorNtB3_10ParseError2ioNtNtCs8y6E41fb8tc_5alloc6string6StringECsg1CvOFVNHs7_28parse_error_integration_test
FN:714,_RINvMNtNtNtCsiXKQ3ZuUVOr_5armor7parsers4yaml5errorNtB3_10ParseError2ioReECsg1CvOFVNHs7_28parse_error_integration_test
FN:709,_RINvMNtNtNtCsiXKQ3ZuUVOr_5armor7parsers4yaml5errorNtB3_10ParseError6syntaxReECsg1CvOFVNHs7_28parse_error_integration_test
FN:476,_RINvMNtNtNtCsiXKQ3ZuUVOr_5armor7parsers4yaml5errorNtB3_10ParseError9with_pathReECsg1CvOFVNHs7_28parse_error_integration_test
FN:719,_RINvMNtNtNtCsiXKQ3ZuUVOr_5armor7parsers4yaml5errorNtB3_10ParseError10validationReECs1vlOt1utLXn_28parse_error_propagation_test
FN:520,_RINvMNtNtNtCsiXKQ3ZuUVOr_5armor7parsers4yaml5errorNtB3_10ParseError12with_contextReECs1vlOt1utLXn_28parse_error_propagation_test
FN:729,_RINvMNtNtNtCsiXKQ3ZuUVOr_5armor7parsers4yaml5errorNtB3_10ParseError13type_mismatchReB1i_B1i_ECs1vlOt1utLXn_28parse_error_propagation_test
FN:714,_RINvMNtNtNtCsiXKQ3ZuUVOr_5armor7parsers4yaml5errorNtB3_10ParseError2ioReECs1vlOt1utLXn_28parse_error_propagation_test
FN:709,_RINvMNtNtNtCsiXKQ3ZuUVOr_5armor7parsers4yaml5errorNtB3_10ParseError6syntaxReECs1vlOt1utLXn_28parse_error_propagation_test
FN:476,_RINvMNtNtNtCsiXKQ3ZuUVOr_5armor7parsers4yaml5errorNtB3_10ParseError9with_pathReECs1vlOt1utLXn_28parse_error_propagation_test
FN:719,_RINvMNtNtNtCsiXKQ3ZuUVOr_5armor7parsers4yaml5errorNtB3_10ParseError10validationReECsgSozXLcgAiT_21parse_error_unit_test
FN:520,_RINvMNtNtNtCsiXKQ3ZuUVOr_5armor7parsers4yaml5errorNtB3_10ParseError12with_contextReECsgSozXLcgAiT_21parse_error_unit_test
FN:499,_RINvMNtNtNtCsiXKQ3ZuUVOr_5armor7parsers4yaml5errorNtB3_10ParseError12with_snippetReECsgSozXLcgAiT_21parse_error_unit_test
FN:729,_RINvMNtNtNtCsiXKQ3ZuUVOr_5armor7parsers4yaml5errorNtB3_10ParseError13type_mismatchReB1i_B1i_ECsgSozXLcgAiT_21parse_error_unit_test
FN:714,_RINvMNtNtNtCsiXKQ3ZuUVOr_5armor7parsers4yaml5errorNtB3_10ParseError2ioReECsgSozXLcgAiT_21parse_error_unit_test
FN:709,_RINvMNtNtNtCsiXKQ3ZuUVOr_5armor7parsers4yaml5errorNtB3_10ParseError6syntaxReECsgSozXLcgAiT_21parse_error_unit_test
FN:476,_RINvMNtNtNtCsiXKQ3ZuUVOr_5armor7parsers4yaml5errorNtB3_10ParseError9with_pathReECsgSozXLcgAiT_21parse_error_unit_test
FNDA:0,_RNvMNtNtNtCsbRf3HNt4AAF_5armor7parsers4yaml5errorNtB2_10ParseError13is_validation
FNDA:0,_RNvMNtNtNtCsbRf3HNt4AAF_5armor7parsers4yaml5errorNtB2_10ParseError15location_string
FNDA:0,_RNvMNtNtNtCsbRf3HNt4AAF_5armor7parsers4yaml5errorNtB2_10ParseError16is_type_mismatch
FNDA:0,_RNvMNtNtNtCsbRf3HNt4AAF_5armor7parsers4yaml5errorNtB2_10ParseError5is_io
FNDA:0,_RNvMNtNtNtCsbRf3HNt4AAF_5armor7parsers4yaml5errorNtB2_10ParseError7summary
FNDA:0,_RNvMNtNtNtCsbRf3HNt4AAF_5armor7parsers4yaml5errorNtB2_10ParseError9is_syntax
FNDA:0,_RNvXs3_NtNtNtCsbRf3HNt4AAF_5armor7parsers4yaml5errorNtB5_14ParseErrorKindNtNtCs3BFokC4QLxY_4core3fmt7Display3fmt
FNDA:0,_RINvMNtNtNtCsbRf3HNt4AAF_5armor7parsers4yaml5errorNtB3_10ParseError10validationpEB9_
FNDA:0,_RINvMNtNtNtCsbRf3HNt4AAF_5armor7parsers4yaml5errorNtB3_10ParseError12with_contextpEB9_
FNDA:0,_RINvMNtNtNtCsbRf3HNt4AAF_5armor7parsers4yaml5errorNtB3_10ParseError12with_snippetpEB9_
FNDA:0,_RINvMNtNtNtCsbRf3HNt4AAF_5armor7parsers4yaml5errorNtB3_10ParseError13type_mismatchpppEB9_
FNDA:0,_RINvMNtNtNtCsbRf3HNt4AAF_5armor7parsers4yaml5errorNtB3_10ParseError2iopEB9_
FNDA:0,_RINvMNtNtNtCsbRf3HNt4AAF_5armor7parsers4yaml5errorNtB3_10ParseError6syntaxpEB9_
FNDA:0,_RINvMNtNtNtCsbRf3HNt4AAF_5armor7parsers4yaml5errorNtB3_10ParseError9with_pathpEB9_
FNDA:0,_RNvMNtNtNtCsbRf3HNt4AAF_5armor7parsers4yaml5errorNtB2_10ParseError11with_column
FNDA:0,_RNvMNtNtNtCsbRf3HNt4AAF_5armor7parsers4yaml5errorNtB2_10ParseError13with_location
FNDA:0,_RNvMNtNtNtCsbRf3HNt4AAF_5armor7parsers4yaml5errorNtB2_10ParseError15detailed_report
FNDA:0,_RNvMNtNtNtCsbRf3HNt4AAF_5armor7parsers4yaml5errorNtB2_10ParseError17format_structured
FNDA:0,_RNvMNtNtNtCsbRf3HNt4AAF_5armor7parsers4yaml5errorNtB2_10ParseError3new
FNDA:0,_RNvMNtNtNtCsbRf3HNt4AAF_5armor7parsers4yaml5errorNtB2_10ParseError9with_line
FNDA:0,_RNvXs1_NtNtNtCsbRf3HNt4AAF_5armor7parsers4yaml5errorNtB5_10ParseErrorNtNtCs3BFokC4QLxY_4core3cmp9PartialEq2eq
FNDA:0,_RNvXs2_NtNtNtCsbRf3HNt4AAF_5armor7parsers4yaml5errorNtB5_10ParseErrorNtNtCs3BFokC4QLxY_4core3fmt5Debug3fmt
FNDA:0,_RNvXs4_NtNtNtCsbRf3HNt4AAF_5armor7parsers4yaml5errorNtB5_10ParseErrorINtNtCs3BFokC4QLxY_4core7convert4FromNtNtNtCs3JBboNF8E1m_3std2io5error5ErrorE4from
FNDA:0,_RNvXs5_NtNtNtCsbRf3HNt4AAF_5armor7parsers4yaml5errorNtB5_10ParseErrorINtNtCs3BFokC4QLxY_4core7convert4FromNtNtCs9jGxXgzlsBn_10serde_yaml5error5ErrorE4from
FNDA:0,_RNvXs6_NtNtNtCsbRf3HNt4AAF_5armor7parsers4yaml5errorNtB5_10ParseErrorINtNtCs3BFokC4QLxY_4core7convert4FromNtNtNtB1a_3str5error9Utf8ErrorE4from
FNDA:0,_RNvXs7_NtNtNtCsbRf3HNt4AAF_5armor7parsers4yaml5errorNtB5_10ParseErrorINtNtCs3BFokC4QLxY_4core7convert4FromNtNtCs8y6E41fb8tc_5alloc6string13FromUtf8ErrorE4from
FNDA:0,_RNvXs_NtNtNtCsbRf3HNt4AAF_5armor7parsers4yaml5errorNtB4_10ParseErrorNtNtCs3BFokC4QLxY_4core3fmt7Display3fmt
FNDA:2,_RINvMNtNtNtCsiXKQ3ZuUVOr_5armor7parsers4yaml5errorNtB3_10ParseError10validationReECsfqhiSsJBJjh_24parse_error_display_test
FNDA:5,_RINvMNtNtNtCsiXKQ3ZuUVOr_5armor7parsers4yaml5errorNtB3_10ParseError12with_contextReECsfqhiSsJBJjh_24parse_error_display_test
FNDA:5,_RINvMNtNtNtCsiXKQ3ZuUVOr_5armor7parsers4yaml5errorNtB3_10ParseError12with_snippetReECsfqhiSsJBJjh_24parse_error_display_test
FNDA:4,_RINvMNtNtNtCsiXKQ3ZuUVOr_5armor7parsers4yaml5errorNtB3_10ParseError13type_mismatchReB1i_B1i_ECsfqhiSsJBJjh_24parse_error_display_test
FNDA:2,_RINvMNtNtNtCsiXKQ3ZuUVOr_5armor7parsers4yaml5errorNtB3_10ParseError2ioReECsfqhiSsJBJjh_24parse_error_display_test
FNDA:20,_RINvMNtNtNtCsiXKQ3ZuUVOr_5armor7parsers4yaml5errorNtB3_10ParseError6syntaxReECsfqhiSsJBJjh_24parse_error_display_test
FNDA:22,_RINvMNtNtNtCsiXKQ3ZuUVOr_5armor7parsers4yaml5errorNtB3_10ParseError9with_pathReECsfqhiSsJBJjh_24parse_error_display_test
FNDA:10,_RINvMNtNtNtCsiXKQ3ZuUVOr_5armor7parsers4yaml5errorNtB3_10ParseError12with_contextNtNtCs8y6E41fb8tc_5alloc6string6StringEB9_
FNDA:34,_RNvMNtNtNtCsiXKQ3ZuUVOr_5armor7parsers4yaml5errorNtB2_10ParseError11with_column
FNDA:25,_RNvMNtNtNtCsiXKQ3ZuUVOr_5armor7parsers4yaml5errorNtB2_10ParseError13is_validation
FNDA:16,_RNvMNtNtNtCsiXKQ3ZuUVOr_5armor7parsers4yaml5errorNtB2_10ParseError13with_location
FNDA:6,_RNvMNtNtNtCsiXKQ3ZuUVOr_5armor7parsers4yaml5errorNtB2_10ParseError15detailed_report
FNDA:74,_RNvMNtNtNtCsiXKQ3ZuUVOr_5armor7parsers4yaml5errorNtB2_10ParseError15location_string
FNDA:22,_RNvMNtNtNtCsiXKQ3ZuUVOr_5armor7parsers4yaml5errorNtB2_10ParseError16is_type_mismatch
FNDA:2,_RNvMNtNtNtCsiXKQ3ZuUVOr_5armor7parsers4yaml5errorNtB2_10ParseError17format_structured
FNDA:177,_RNvMNtNtNtCsiXKQ3ZuUVOr_5armor7parsers4yaml5errorNtB2_10ParseError3new
FNDA:25,_RNvMNtNtNtCsiXKQ3ZuUVOr_5armor7parsers4yaml5errorNtB2_10ParseError5is_io
FNDA:61,_RNvMNtNtNtCsiXKQ3ZuUVOr_5armor7parsers4yaml5errorNtB2_10ParseError7summary
FNDA:24,_RNvMNtNtNtCsiXKQ3ZuUVOr_5armor7parsers4yaml5errorNtB2_10ParseError9is_syntax
FNDA:54,_RNvMNtNtNtCsiXKQ3ZuUVOr_5armor7parsers4yaml5errorNtB2_10ParseError9with_line
FNDA:9,_RNvXs1_NtNtNtCsiXKQ3ZuUVOr_5armor7parsers4yaml5errorNtB5_10ParseErrorNtNtCs3BFokC4QLxY_4core3cmp9PartialEq2eq
FNDA:2,_RNvXs2_NtNtNtCsiXKQ3ZuUVOr_5armor7parsers4yaml5errorNtB5_10ParseErrorNtNtCs3BFokC4QLxY_4core3fmt5Debug3fmt
FNDA:70,_RNvXs3_NtNtNtCsiXKQ3ZuUVOr_5armor7parsers4yaml5errorNtB5_14ParseErrorKindNtNtCs3BFokC4QLxY_4core3fmt7Display3fmt
FNDA:6,_RNvXs4_NtNtNtCsiXKQ3ZuUVOr_5armor7parsers4yaml5errorNtB5_10ParseErrorINtNtCs3BFokC4QLxY_4core7convert4FromNtNtNtCs3JBboNF8E1m_3std2io5error5ErrorE4from
FNDA:6,_RNvXs5_NtNtNtCsiXKQ3ZuUVOr_5armor7parsers4yaml5errorNtB5_10ParseErrorINtNtCs3BFokC4QLxY_4core7convert4FromNtNtCs9jGxXgzlsBn_10serde_yaml5error5ErrorE4from
FNDA:3,_RNvXs6_NtNtNtCsiXKQ3ZuUVOr_5armor7parsers4yaml5errorNtB5_10ParseErrorINtNtCs3BFokC4QLxY_4core7convert4FromNtNtNtB1a_3str5error9Utf8ErrorE4from
FNDA:1,_RNvXs7_NtNtNtCsiXKQ3ZuUVOr_5armor7parsers4yaml5errorNtB5_10ParseErrorINtNtCs3BFokC4QLxY_4core7convert4FromNtNtCs8y6E41fb8tc_5alloc6string13FromUtf8ErrorE4from
FNDA:42,_RNvXs_NtNtNtCsiXKQ3ZuUVOr_5armor7parsers4yaml5errorNtB4_10ParseErrorNtNtCs3BFokC4QLxY_4core3fmt7Display3fmt
FNDA:0,_RINvMNtNtNtCsiXKQ3ZuUVOr_5armor7parsers4yaml5errorNtB3_10ParseError10validationpEB9_
FNDA:0,_RINvMNtNtNtCsiXKQ3ZuUVOr_5armor7parsers4yaml5errorNtB3_10ParseError12with_snippetpEB9_
FNDA:0,_RINvMNtNtNtCsiXKQ3ZuUVOr_5armor7parsers4yaml5errorNtB3_10ParseError13type_mismatchpppEB9_
FNDA:0,_RINvMNtNtNtCsiXKQ3ZuUVOr_5armor7parsers4yaml5errorNtB3_10ParseError2iopEB9_
FNDA:0,_RINvMNtNtNtCsiXKQ3ZuUVOr_5armor7parsers4yaml5errorNtB3_10ParseError6syntaxpEB9_
FNDA:0,_RINvMNtNtNtCsiXKQ3ZuUVOr_5armor7parsers4yaml5errorNtB3_10ParseError9with_pathpEB9_
FNDA:2,_RINvMNtNtNtCsiXKQ3ZuUVOr_5armor7parsers4yaml5errorNtB3_10ParseError10validationNtNtCs8y6E41fb8tc_5alloc6string6StringECsd3U02g4BKxX_43parse_error_full_lifecycle_integration_test
FNDA:4,_RINvMNtNtNtCsiXKQ3ZuUVOr_5armor7parsers4yaml5errorNtB3_10ParseError10validationReECsd3U02g4BKxX_43parse_error_full_lifecycle_integration_test
FNDA:21,_RINvMNtNtNtCsiXKQ3ZuUVOr_5armor7parsers4yaml5errorNtB3_10ParseError12with_contextReECsd3U02g4BKxX_43parse_error_full_lifecycle_integration_test
FNDA:5,_RINvMNtNtNtCsiXKQ3ZuUVOr_5armor7parsers4yaml5errorNtB3_10ParseError12with_snippetReECsd3U02g4BKxX_43parse_error_full_lifecycle_integration_test
FNDA:6,_RINvMNtNtNtCsiXKQ3ZuUVOr_5armor7parsers4yaml5errorNtB3_10ParseError13type_mismatchReB1i_B1i_ECsd3U02g4BKxX_43parse_error_full_lifecycle_integration_test
FNDA:1,_RINvMNtNtNtCsiXKQ3ZuUVOr_5armor7parsers4yaml5errorNtB3_10ParseError2ioNtNtCs8y6E41fb8tc_5alloc6string6StringECsd3U02g4BKxX_43parse_error_full_lifecycle_integration_test
FNDA:2,_RINvMNtNtNtCsiXKQ3ZuUVOr_5armor7parsers4yaml5errorNtB3_10ParseError2ioReECsd3U02g4BKxX_43parse_error_full_lifecycle_integration_test
FNDA:6,_RINvMNtNtNtCsiXKQ3ZuUVOr_5armor7parsers4yaml5errorNtB3_10ParseError6syntaxReECsd3U02g4BKxX_43parse_error_full_lifecycle_integration_test
FNDA:3,_RINvMNtNtNtCsiXKQ3ZuUVOr_5armor7parsers4yaml5errorNtB3_10ParseError9with_pathNtNtCs8y6E41fb8tc_5alloc6string6StringECsd3U02g4BKxX_43parse_error_full_lifecycle_integration_test
FNDA:13,_RINvMNtNtNtCsiXKQ3ZuUVOr_5armor7parsers4yaml5errorNtB3_10ParseError9with_pathReECsd3U02g4BKxX_43parse_error_full_lifecycle_integration_test
FNDA:2,_RINvMNtNtNtCsiXKQ3ZuUVOr_5armor7parsers4yaml5errorNtB3_10ParseError10validationNtNtCs8y6E41fb8tc_5alloc6string6StringECsg1CvOFVNHs7_28parse_error_integration_test
FNDA:7,_RINvMNtNtNtCsiXKQ3ZuUVOr_5armor7parsers4yaml5errorNtB3_10ParseError10validationReECsg1CvOFVNHs7_28parse_error_integration_test
FNDA:19,_RINvMNtNtNtCsiXKQ3ZuUVOr_5armor7parsers4yaml5errorNtB3_10ParseError12with_contextReECsg1CvOFVNHs7_28parse_error_integration_test
FNDA:13,_RINvMNtNtNtCsiXKQ3ZuUVOr_5armor7parsers4yaml5errorNtB3_10ParseError12with_snippetReECsg1CvOFVNHs7_28parse_error_integration_test
FNDA:6,_RINvMNtNtNtCsiXKQ3ZuUVOr_5armor7parsers4yaml5errorNtB3_10ParseError13type_mismatchReB1i_B1i_ECsg1CvOFVNHs7_28parse_error_integration_test
FNDA:1,_RINvMNtNtNtCsiXKQ3ZuUVOr_5armor7parsers4yaml5errorNtB3_10ParseError2ioNtNtCs8y6E41fb8tc_5alloc6string6StringECsg1CvOFVNHs7_28parse_error_integration_test
FNDA:5,_RINvMNtNtNtCsiXKQ3ZuUVOr_5armor7parsers4yaml5errorNtB3_10ParseError2ioReECsg1CvOFVNHs7_28parse_error_integration_test
FNDA:8,_RINvMNtNtNtCsiXKQ3ZuUVOr_5armor7parsers4yaml5errorNtB3_10ParseError6syntaxReECsg1CvOFVNHs7_28parse_error_integration_test
FNDA:25,_RINvMNtNtNtCsiXKQ3ZuUVOr_5armor7parsers4yaml5errorNtB3_10ParseError9with_pathReECsg1CvOFVNHs7_28parse_error_integration_test
FNDA:2,_RINvMNtNtNtCsiXKQ3ZuUVOr_5armor7parsers4yaml5errorNtB3_10ParseError10validationReECs1vlOt1utLXn_28parse_error_propagation_test
FNDA:2,_RINvMNtNtNtCsiXKQ3ZuUVOr_5armor7parsers4yaml5errorNtB3_10ParseError12with_contextReECs1vlOt1utLXn_28parse_error_propagation_test
FNDA:2,_RINvMNtNtNtCsiXKQ3ZuUVOr_5armor7parsers4yaml5errorNtB3_10ParseError13type_mismatchReB1i_B1i_ECs1vlOt1utLXn_28parse_error_propagation_test
FNDA:2,_RINvMNtNtNtCsiXKQ3ZuUVOr_5armor7parsers4yaml5errorNtB3_10ParseError2ioReECs1vlOt1utLXn_28parse_error_propagation_test
FNDA:1,_RINvMNtNtNtCsiXKQ3ZuUVOr_5armor7parsers4yaml5errorNtB3_10ParseError6syntaxReECs1vlOt1utLXn_28parse_error_propagation_test
FNDA:1,_RINvMNtNtNtCsiXKQ3ZuUVOr_5armor7parsers4yaml5errorNtB3_10ParseError9with_pathReECs1vlOt1utLXn_28parse_error_propagation_test
FNDA:3,_RINvMNtNtNtCsiXKQ3ZuUVOr_5armor7parsers4yaml5errorNtB3_10ParseError10validationReECsgSozXLcgAiT_21parse_error_unit_test
FNDA:8,_RINvMNtNtNtCsiXKQ3ZuUVOr_5armor7parsers4yaml5errorNtB3_10ParseError12with_contextReECsgSozXLcgAiT_21parse_error_unit_test
FNDA:9,_RINvMNtNtNtCsiXKQ3ZuUVOr_5armor7parsers4yaml5errorNtB3_10ParseError12with_snippetReECsgSozXLcgAiT_21parse_error_unit_test
FNDA:8,_RINvMNtNtNtCsiXKQ3ZuUVOr_5armor7parsers4yaml5errorNtB3_10ParseError13type_mismatchReB1i_B1i_ECsgSozXLcgAiT_21parse_error_unit_test
FNDA:4,_RINvMNtNtNtCsiXKQ3ZuUVOr_5armor7parsers4yaml5errorNtB3_10ParseError2ioReECsgSozXLcgAiT_21parse_error_unit_test
FNDA:34,_RINvMNtNtNtCsiXKQ3ZuUVOr_5armor7parsers4yaml5errorNtB3_10ParseError6syntaxReECsgSozXLcgAiT_21parse_error_unit_test
FNDA:14,_RINvMNtNtNtCsiXKQ3ZuUVOr_5armor7parsers4yaml5errorNtB3_10ParseError9with_pathReECsgSozXLcgAiT_21parse_error_unit_test
FNF:27
FNH:27
DA:415,177
DA:416,177
DA:417,177
DA:418,177
DA:419,177
DA:420,177
DA:421,177
DA:422,177
DA:423,177
DA:424,177
DA:439,54
DA:440,54
DA:441,54
DA:442,54
DA:457,34
DA:458,34
DA:459,34
DA:460,34
DA:476,78
DA:477,78
DA:478,78
DA:479,78
DA:499,32
DA:500,32
DA:501,32
DA:502,32
DA:520,65
DA:521,65
DA:522,65
DA:523,65
DA:540,16
DA:541,16
DA:542,16
DA:543,16
DA:544,16
DA:576,74
DA:577,74
DA:578,33
DA:579,12
DA:580,1
DA:581,6
DA:582,1
DA:583,1
DA:584,1
DA:585,19
DA:587,74
DA:614,61
DA:615,61
DA:616,61
DA:617,31
DA:619,30
DA:621,61
DA:648,6
DA:649,6
DA:652,6
DA:655,6
DA:656,5
DA:657,5
DA:660,6
DA:661,6
DA:662,12
DA:663,12
DA:664,12
DA:667,6
DA:668,5
DA:669,5
DA:670,5
DA:671,1
DA:672,0
DA:674,6
DA:675,6
DA:698,2
DA:699,2
DA:702,2
DA:706,2
DA:709,69
DA:710,69
DA:711,69
DA:714,17
DA:715,17
DA:716,17
DA:719,22
DA:720,22
DA:721,22
DA:729,26
DA:730,26
DA:731,26
DA:732,26
DA:733,26
DA:734,26
DA:735,26
DA:738,24
DA:739,24
DA:740,24
DA:743,25
DA:744,25
DA:745,25
DA:748,25
DA:749,25
DA:750,25
DA:753,22
DA:754,22
DA:755,22
DA:759,42
DA:761,42
DA:764,42
DA:765,8
DA:766,19
DA:767,19
DA:771,8
DA:772,8
DA:773,8
DA:774,8
DA:775,0
DA:776,0
DA:777,34
DA:779,42
DA:780,42
DA:786,9
DA:789,9
DA:790,7
DA:791,6
DA:792,6
DA:793,9
DA:797,2
DA:798,2
DA:799,2
DA:800,2
DA:801,2
DA:802,2
DA:803,2
DA:804,2
DA:805,2
DA:806,2
DA:807,2
DA:876,70
DA:877,70
DA:878,21
DA:879,8
DA:880,13
DA:881,8
DA:882,8
DA:884,3
DA:885,6
DA:886,3
DA:887,3
DA:888,5
DA:890,70
DA:901,6
DA:902,6
DA:903,6
DA:907,6
DA:910,6
DA:912,6
DA:913,1
DA:914,5
DA:915,0
DA:916,5
DA:917,0
DA:919,5
DA:922,6
DA:923,6
DA:927,3
DA:928,3
DA:929,3
DA:933,1
DA:934,1
DA:935,1
BRF:0
BRH:0
LF:168
LH:163
end_of_record
SF:/home/coding/ARMOR/src/parsers/yaml/mod.rs
FN:51,_RNvNtNtCsbRf3HNt4AAF_5armor7parsers4yaml10new_parser
FN:66,_RNvNtNtCsbRf3HNt4AAF_5armor7parsers4yaml10parse_yaml
FN:73,_RNvNtNtCsbRf3HNt4AAF_5armor7parsers4yaml15parse_yaml_file
FN:59,_RNvNtNtCsbRf3HNt4AAF_5armor7parsers4yaml17new_strict_parser
FN:51,_RNvNtNtCsiXKQ3ZuUVOr_5armor7parsers4yaml10new_parser
FN:66,_RNvNtNtCsiXKQ3ZuUVOr_5armor7parsers4yaml10parse_yaml
FN:73,_RNvNtNtCsiXKQ3ZuUVOr_5armor7parsers4yaml15parse_yaml_file
FN:59,_RNvNtNtCsiXKQ3ZuUVOr_5armor7parsers4yaml17new_strict_parser
FNDA:0,_RNvNtNtCsbRf3HNt4AAF_5armor7parsers4yaml10new_parser
FNDA:0,_RNvNtNtCsbRf3HNt4AAF_5armor7parsers4yaml10parse_yaml
FNDA:0,_RNvNtNtCsbRf3HNt4AAF_5armor7parsers4yaml15parse_yaml_file
FNDA:0,_RNvNtNtCsbRf3HNt4AAF_5armor7parsers4yaml17new_strict_parser
FNDA:0,_RNvNtNtCsiXKQ3ZuUVOr_5armor7parsers4yaml10new_parser
FNDA:0,_RNvNtNtCsiXKQ3ZuUVOr_5armor7parsers4yaml10parse_yaml
FNDA:0,_RNvNtNtCsiXKQ3ZuUVOr_5armor7parsers4yaml15parse_yaml_file
FNDA:0,_RNvNtNtCsiXKQ3ZuUVOr_5armor7parsers4yaml17new_strict_parser
FNF:4
FNH:0
DA:51,0
DA:52,0
DA:53,0
DA:59,0
DA:60,0
DA:61,0
DA:66,0
DA:67,0
DA:68,0
DA:73,0
DA:74,0
DA:75,0
BRF:0
BRH:0
LF:12
LH:0
end_of_record
SF:/home/coding/ARMOR/src/parsers/yaml/parser.rs
FN:73,_RNvMNtNtNtCsbRf3HNt4AAF_5armor7parsers4yaml6parserNtB2_11BasicParser11with_config
FN:66,_RNvMNtNtNtCsbRf3HNt4AAF_5armor7parsers4yaml6parserNtB2_11BasicParser3new
FN:81,_RNvMNtNtNtCsbRf3HNt4AAF_5armor7parsers4yaml6parserNtB2_11BasicParser6strict
FN:105,_RNvXs0_NtNtNtCsbRf3HNt4AAF_5armor7parsers4yaml6parserNtB5_11BasicParserNtB5_6Parser10parse_file
FN:100,_RNvXs0_NtNtNtCsbRf3HNt4AAF_5armor7parsers4yaml6parserNtB5_11BasicParserNtB5_6Parser11parse_bytes
FN:124,_RNvXs0_NtNtNtCsbRf3HNt4AAF_5armor7parsers4yaml6parserNtB5_11BasicParserNtB5_6Parser11with_config
FN:110,_RNvXs0_NtNtNtCsbRf3HNt4AAF_5armor7parsers4yaml6parserNtB5_11BasicParserNtB5_6Parser12validate_str
FN:115,_RNvXs0_NtNtNtCsbRf3HNt4AAF_5armor7parsers4yaml6parserNtB5_11BasicParserNtB5_6Parser13validate_file
FN:120,_RNvXs0_NtNtNtCsbRf3HNt4AAF_5armor7parsers4yaml6parserNtB5_11BasicParserNtB5_6Parser6config
FN:95,_RNvXs0_NtNtNtCsbRf3HNt4AAF_5armor7parsers4yaml6parserNtB5_11BasicParserNtB5_6Parser9parse_str
FN:89,_RNvXs_NtNtNtCsbRf3HNt4AAF_5armor7parsers4yaml6parserNtB4_11BasicParserNtNtCs3BFokC4QLxY_4core7default7Default7default
FN:73,_RNvMNtNtNtCsiXKQ3ZuUVOr_5armor7parsers4yaml6parserNtB2_11BasicParser11with_config
FN:66,_RNvMNtNtNtCsiXKQ3ZuUVOr_5armor7parsers4yaml6parserNtB2_11BasicParser3new
FN:81,_RNvMNtNtNtCsiXKQ3ZuUVOr_5armor7parsers4yaml6parserNtB2_11BasicParser6strict
FN:105,_RNvXs0_NtNtNtCsiXKQ3ZuUVOr_5armor7parsers4yaml6parserNtB5_11BasicParserNtB5_6Parser10parse_file
FN:100,_RNvXs0_NtNtNtCsiXKQ3ZuUVOr_5armor7parsers4yaml6parserNtB5_11BasicParserNtB5_6Parser11parse_bytes
FN:124,_RNvXs0_NtNtNtCsiXKQ3ZuUVOr_5armor7parsers4yaml6parserNtB5_11BasicParserNtB5_6Parser11with_config
FN:110,_RNvXs0_NtNtNtCsiXKQ3ZuUVOr_5armor7parsers4yaml6parserNtB5_11BasicParserNtB5_6Parser12validate_str
FN:115,_RNvXs0_NtNtNtCsiXKQ3ZuUVOr_5armor7parsers4yaml6parserNtB5_11BasicParserNtB5_6Parser13validate_file
FN:120,_RNvXs0_NtNtNtCsiXKQ3ZuUVOr_5armor7parsers4yaml6parserNtB5_11BasicParserNtB5_6Parser6config
FN:95,_RNvXs0_NtNtNtCsiXKQ3ZuUVOr_5armor7parsers4yaml6parserNtB5_11BasicParserNtB5_6Parser9parse_str
FN:89,_RNvXs_NtNtNtCsiXKQ3ZuUVOr_5armor7parsers4yaml6parserNtB4_11BasicParserNtNtCs3BFokC4QLxY_4core7default7Default7default
FNDA:0,_RNvMNtNtNtCsbRf3HNt4AAF_5armor7parsers4yaml6parserNtB2_11BasicParser11with_config
FNDA:0,_RNvMNtNtNtCsbRf3HNt4AAF_5armor7parsers4yaml6parserNtB2_11BasicParser3new
FNDA:0,_RNvMNtNtNtCsbRf3HNt4AAF_5armor7parsers4yaml6parserNtB2_11BasicParser6strict
FNDA:0,_RNvXs0_NtNtNtCsbRf3HNt4AAF_5armor7parsers4yaml6parserNtB5_11BasicParserNtB5_6Parser10parse_file
FNDA:0,_RNvXs0_NtNtNtCsbRf3HNt4AAF_5armor7parsers4yaml6parserNtB5_11BasicParserNtB5_6Parser11parse_bytes
FNDA:0,_RNvXs0_NtNtNtCsbRf3HNt4AAF_5armor7parsers4yaml6parserNtB5_11BasicParserNtB5_6Parser11with_config
FNDA:0,_RNvXs0_NtNtNtCsbRf3HNt4AAF_5armor7parsers4yaml6parserNtB5_11BasicParserNtB5_6Parser12validate_str
FNDA:0,_RNvXs0_NtNtNtCsbRf3HNt4AAF_5armor7parsers4yaml6parserNtB5_11BasicParserNtB5_6Parser13validate_file
FNDA:0,_RNvXs0_NtNtNtCsbRf3HNt4AAF_5armor7parsers4yaml6parserNtB5_11BasicParserNtB5_6Parser6config
FNDA:0,_RNvXs0_NtNtNtCsbRf3HNt4AAF_5armor7parsers4yaml6parserNtB5_11BasicParserNtB5_6Parser9parse_str
FNDA:0,_RNvXs_NtNtNtCsbRf3HNt4AAF_5armor7parsers4yaml6parserNtB4_11BasicParserNtNtCs3BFokC4QLxY_4core7default7Default7default
FNDA:0,_RNvMNtNtNtCsiXKQ3ZuUVOr_5armor7parsers4yaml6parserNtB2_11BasicParser11with_config
FNDA:0,_RNvMNtNtNtCsiXKQ3ZuUVOr_5armor7parsers4yaml6parserNtB2_11BasicParser3new
FNDA:0,_RNvMNtNtNtCsiXKQ3ZuUVOr_5armor7parsers4yaml6parserNtB2_11BasicParser6strict
FNDA:0,_RNvXs0_NtNtNtCsiXKQ3ZuUVOr_5armor7parsers4yaml6parserNtB5_11BasicParserNtB5_6Parser10parse_file
FNDA:0,_RNvXs0_NtNtNtCsiXKQ3ZuUVOr_5armor7parsers4yaml6parserNtB5_11BasicParserNtB5_6Parser11parse_bytes
FNDA:0,_RNvXs0_NtNtNtCsiXKQ3ZuUVOr_5armor7parsers4yaml6parserNtB5_11BasicParserNtB5_6Parser11with_config
FNDA:0,_RNvXs0_NtNtNtCsiXKQ3ZuUVOr_5armor7parsers4yaml6parserNtB5_11BasicParserNtB5_6Parser12validate_str
FNDA:0,_RNvXs0_NtNtNtCsiXKQ3ZuUVOr_5armor7parsers4yaml6parserNtB5_11BasicParserNtB5_6Parser13validate_file
FNDA:0,_RNvXs0_NtNtNtCsiXKQ3ZuUVOr_5armor7parsers4yaml6parserNtB5_11BasicParserNtB5_6Parser6config
FNDA:0,_RNvXs0_NtNtNtCsiXKQ3ZuUVOr_5armor7parsers4yaml6parserNtB5_11BasicParserNtB5_6Parser9parse_str
FNDA:0,_RNvXs_NtNtNtCsiXKQ3ZuUVOr_5armor7parsers4yaml6parserNtB4_11BasicParserNtNtCs3BFokC4QLxY_4core7default7Default7default
FNF:11
FNH:0
DA:66,0
DA:67,0
DA:68,0
DA:69,0
DA:70,0
DA:73,0
DA:74,0
DA:75,0
DA:81,0
DA:82,0
DA:83,0
DA:84,0
DA:85,0
DA:89,0
DA:90,0
DA:91,0
DA:95,0
DA:97,0
DA:98,0
DA:100,0
DA:102,0
DA:103,0
DA:105,0
DA:107,0
DA:108,0
DA:110,0
DA:112,0
DA:113,0
DA:115,0
DA:117,0
DA:118,0
DA:120,0
DA:121,0
DA:122,0
DA:124,0
DA:125,0
DA:126,0
DA:128,0
DA:129,0
BRF:0
BRH:0
LF:39
LH:0
end_of_record
SF:/home/coding/ARMOR/src/parsers/yaml/types.rs
FN:196,_RINvMs1_NtNtNtCsbRf3HNt4AAF_5armor7parsers4yaml5typesINtB6_11ParseResultpE3mapppEBc_
FN:256,_RINvMs3_NtNtNtCsbRf3HNt4AAF_5armor7parsers4yaml5typesNtB6_13ParseMetadata11with_sourcepEBc_
FN:19,_RNvMNtNtNtCsbRf3HNt4AAF_5armor7parsers4yaml5typesNtB2_6Status10is_success
FN:38,_RNvMNtNtNtCsbRf3HNt4AAF_5armor7parsers4yaml5typesNtB2_6Status7as_bool
FN:24,_RNvMNtNtNtCsbRf3HNt4AAF_5armor7parsers4yaml5typesNtB2_6Status8is_error
FN:29,_RNvMNtNtNtCsbRf3HNt4AAF_5armor7parsers4yaml5typesNtB2_6Status9from_bool
FN:104,_RNvMs0_NtNtNtCsbRf3HNt4AAF_5armor7parsers4yaml5typesINtB5_15OperationResultpE10is_successBb_
FN:75,_RNvMs0_NtNtNtCsbRf3HNt4AAF_5armor7parsers4yaml5typesINtB5_15OperationResultpE3newBb_
FN:95,_RNvMs0_NtNtNtCsbRf3HNt4AAF_5armor7parsers4yaml5typesINtB5_15OperationResultpE5errorBb_
FN:83,_RNvMs0_NtNtNtCsbRf3HNt4AAF_5armor7parsers4yaml5typesINtB5_15OperationResultpE7successBb_
FN:114,_RNvMs0_NtNtNtCsbRf3HNt4AAF_5armor7parsers4yaml5typesINtB5_15OperationResultpE8get_dataBb_
FN:109,_RNvMs0_NtNtNtCsbRf3HNt4AAF_5armor7parsers4yaml5typesINtB5_15OperationResultpE8is_errorBb_
FN:119,_RNvMs0_NtNtNtCsbRf3HNt4AAF_5armor7parsers4yaml5typesINtB5_15OperationResultpE9get_errorBb_
FN:160,_RNvMs1_NtNtNtCsbRf3HNt4AAF_5armor7parsers4yaml5typesINtB5_11ParseResultpE10is_failureBb_
FN:155,_RNvMs1_NtNtNtCsbRf3HNt4AAF_5armor7parsers4yaml5typesINtB5_11ParseResultpE10is_successBb_
FN:172,_RNvMs1_NtNtNtCsbRf3HNt4AAF_5armor7parsers4yaml5typesINtB5_11ParseResultpE5errorBb_
FN:167,_RNvMs1_NtNtNtCsbRf3HNt4AAF_5armor7parsers4yaml5typesINtB5_11ParseResultpE5valueBb_
FN:184,_RNvMs1_NtNtNtCsbRf3HNt4AAF_5armor7parsers4yaml5typesINtB5_11ParseResultpE6unwrapBb_
FN:146,_RNvMs1_NtNtNtCsbRf3HNt4AAF_5armor7parsers4yaml5typesINtB5_11ParseResultpE7failureBb_
FN:137,_RNvMs1_NtNtNtCsbRf3HNt4AAF_5armor7parsers4yaml5typesINtB5_11ParseResultpE7successBb_
FN:177,_RNvMs1_NtNtNtCsbRf3HNt4AAF_5armor7parsers4yaml5typesINtB5_11ParseResultpE8metadataBb_
FN:191,_RNvMs1_NtNtNtCsbRf3HNt4AAF_5armor7parsers4yaml5typesINtB5_11ParseResultpE9unwrap_orBb_
FN:250,_RNvMs3_NtNtNtCsbRf3HNt4AAF_5armor7parsers4yaml5typesNtB5_13ParseMetadata10with_bytes
FN:244,_RNvMs3_NtNtNtCsbRf3HNt4AAF_5armor7parsers4yaml5typesNtB5_13ParseMetadata10with_lines
FN:239,_RNvMs3_NtNtNtCsbRf3HNt4AAF_5armor7parsers4yaml5typesNtB5_13ParseMetadata3new
FN:298,_RNvMs4_NtNtNtCsbRf3HNt4AAF_5armor7parsers4yaml5typesNtB5_16ValidationResult10has_errors
FN:303,_RNvMs4_NtNtNtCsbRf3HNt4AAF_5armor7parsers4yaml5typesNtB5_16ValidationResult12has_warnings
FN:284,_RNvMs4_NtNtNtCsbRf3HNt4AAF_5armor7parsers4yaml5typesNtB5_16ValidationResult7failure
FN:275,_RNvMs4_NtNtNtCsbRf3HNt4AAF_5armor7parsers4yaml5typesNtB5_16ValidationResult7success
FN:293,_RNvMs4_NtNtNtCsbRf3HNt4AAF_5armor7parsers4yaml5typesNtB5_16ValidationResult8is_valid
FN:216,_RNvXININtNtNtCsbRf3HNt4AAF_5armor7parsers4yaml5typess2_0pEINtB5_11ParseResultpEINtNtCs3BFokC4QLxY_4core7convert4FromINtNtB1k_6result6ResultpNtNtB7_5error10ParseErrorEE4fromBb_
FN:309,_RNvXs5_NtNtNtCsbRf3HNt4AAF_5armor7parsers4yaml5typesNtB5_16ValidationResultNtNtCs3BFokC4QLxY_4core7default7Default7default
FN:44,_RNvXs_NtNtNtCsbRf3HNt4AAF_5armor7parsers4yaml5typesNtB4_6StatusNtNtCs3BFokC4QLxY_4core3fmt7Display3fmt
FN:19,_RNvMNtNtNtCsiXKQ3ZuUVOr_5armor7parsers4yaml5typesNtB2_6Status10is_success
FN:38,_RNvMNtNtNtCsiXKQ3ZuUVOr_5armor7parsers4yaml5typesNtB2_6Status7as_bool
FN:24,_RNvMNtNtNtCsiXKQ3ZuUVOr_5armor7parsers4yaml5typesNtB2_6Status8is_error
FN:29,_RNvMNtNtNtCsiXKQ3ZuUVOr_5armor7parsers4yaml5typesNtB2_6Status9from_bool
FN:137,_RNvMs1_NtNtNtCsiXKQ3ZuUVOr_5armor7parsers4yaml5typesINtB5_11ParseResultNtNtCs9jGxXgzlsBn_10serde_yaml5value5ValueE7successBb_
FN:250,_RNvMs3_NtNtNtCsiXKQ3ZuUVOr_5armor7parsers4yaml5typesNtB5_13ParseMetadata10with_bytes
FN:244,_RNvMs3_NtNtNtCsiXKQ3ZuUVOr_5armor7parsers4yaml5typesNtB5_13ParseMetadata10with_lines
FN:239,_RNvMs3_NtNtNtCsiXKQ3ZuUVOr_5armor7parsers4yaml5typesNtB5_13ParseMetadata3new
FN:298,_RNvMs4_NtNtNtCsiXKQ3ZuUVOr_5armor7parsers4yaml5typesNtB5_16ValidationResult10has_errors
FN:303,_RNvMs4_NtNtNtCsiXKQ3ZuUVOr_5armor7parsers4yaml5typesNtB5_16ValidationResult12has_warnings
FN:284,_RNvMs4_NtNtNtCsiXKQ3ZuUVOr_5armor7parsers4yaml5typesNtB5_16ValidationResult7failure
FN:275,_RNvMs4_NtNtNtCsiXKQ3ZuUVOr_5armor7parsers4yaml5typesNtB5_16ValidationResult7success
FN:293,_RNvMs4_NtNtNtCsiXKQ3ZuUVOr_5armor7parsers4yaml5typesNtB5_16ValidationResult8is_valid
FN:309,_RNvXs5_NtNtNtCsiXKQ3ZuUVOr_5armor7parsers4yaml5typesNtB5_16ValidationResultNtNtCs3BFokC4QLxY_4core7default7Default7default
FN:44,_RNvXs_NtNtNtCsiXKQ3ZuUVOr_5armor7parsers4yaml5typesNtB4_6StatusNtNtCs3BFokC4QLxY_4core3fmt7Display3fmt
FN:196,_RINvMs1_NtNtNtCsiXKQ3ZuUVOr_5armor7parsers4yaml5typesINtB6_11ParseResultpE3mapppEBc_
FN:256,_RINvMs3_NtNtNtCsiXKQ3ZuUVOr_5armor7parsers4yaml5typesNtB6_13ParseMetadata11with_sourcepEBc_
FN:104,_RNvMs0_NtNtNtCsiXKQ3ZuUVOr_5armor7parsers4yaml5typesINtB5_15OperationResultpE10is_successBb_
FN:75,_RNvMs0_NtNtNtCsiXKQ3ZuUVOr_5armor7parsers4yaml5typesINtB5_15OperationResultpE3newBb_
FN:95,_RNvMs0_NtNtNtCsiXKQ3ZuUVOr_5armor7parsers4yaml5typesINtB5_15OperationResultpE5errorBb_
FN:83,_RNvMs0_NtNtNtCsiXKQ3ZuUVOr_5armor7parsers4yaml5typesINtB5_15OperationResultpE7successBb_
FN:114,_RNvMs0_NtNtNtCsiXKQ3ZuUVOr_5armor7parsers4yaml5typesINtB5_15OperationResultpE8get_dataBb_
FN:109,_RNvMs0_NtNtNtCsiXKQ3ZuUVOr_5armor7parsers4yaml5typesINtB5_15OperationResultpE8is_errorBb_
FN:119,_RNvMs0_NtNtNtCsiXKQ3ZuUVOr_5armor7parsers4yaml5typesINtB5_15OperationResultpE9get_errorBb_
FN:160,_RNvMs1_NtNtNtCsiXKQ3ZuUVOr_5armor7parsers4yaml5typesINtB5_11ParseResultpE10is_failureBb_
FN:155,_RNvMs1_NtNtNtCsiXKQ3ZuUVOr_5armor7parsers4yaml5typesINtB5_11ParseResultpE10is_successBb_
FN:172,_RNvMs1_NtNtNtCsiXKQ3ZuUVOr_5armor7parsers4yaml5typesINtB5_11ParseResultpE5errorBb_
FN:167,_RNvMs1_NtNtNtCsiXKQ3ZuUVOr_5armor7parsers4yaml5typesINtB5_11ParseResultpE5valueBb_
FN:184,_RNvMs1_NtNtNtCsiXKQ3ZuUVOr_5armor7parsers4yaml5typesINtB5_11ParseResultpE6unwrapBb_
FN:146,_RNvMs1_NtNtNtCsiXKQ3ZuUVOr_5armor7parsers4yaml5typesINtB5_11ParseResultpE7failureBb_
FN:177,_RNvMs1_NtNtNtCsiXKQ3ZuUVOr_5armor7parsers4yaml5typesINtB5_11ParseResultpE8metadataBb_
FN:191,_RNvMs1_NtNtNtCsiXKQ3ZuUVOr_5armor7parsers4yaml5typesINtB5_11ParseResultpE9unwrap_orBb_
FN:216,_RNvXININtNtNtCsiXKQ3ZuUVOr_5armor7parsers4yaml5typess2_0pEINtB5_11ParseResultpEINtNtCs3BFokC4QLxY_4core7convert4FromINtNtB1k_6result6ResultpNtNtB7_5error10ParseErrorEE4fromBb_
FN:104,_RNvMs0_NtNtNtCsiXKQ3ZuUVOr_5armor7parsers4yaml5typesINtB5_15OperationResultINtNtCs8y6E41fb8tc_5alloc3vec3VeclEE10is_successCsjiyheS4yU1c_21result_dataclass_test
FN:83,_RNvMs0_NtNtNtCsiXKQ3ZuUVOr_5armor7parsers4yaml5typesINtB5_15OperationResultINtNtCs8y6E41fb8tc_5alloc3vec3VeclEE7successCsjiyheS4yU1c_21result_dataclass_test
FN:114,_RNvMs0_NtNtNtCsiXKQ3ZuUVOr_5armor7parsers4yaml5typesINtB5_15OperationResultINtNtCs8y6E41fb8tc_5alloc3vec3VeclEE8get_dataCsjiyheS4yU1c_21result_dataclass_test
FN:104,_RNvMs0_NtNtNtCsiXKQ3ZuUVOr_5armor7parsers4yaml5typesINtB5_15OperationResultNtNtCs8y6E41fb8tc_5alloc6string6StringE10is_successCsjiyheS4yU1c_21result_dataclass_test
FN:75,_RNvMs0_NtNtNtCsiXKQ3ZuUVOr_5armor7parsers4yaml5typesINtB5_15OperationResultNtNtCs8y6E41fb8tc_5alloc6string6StringE3newCsjiyheS4yU1c_21result_dataclass_test
FN:95,_RNvMs0_NtNtNtCsiXKQ3ZuUVOr_5armor7parsers4yaml5typesINtB5_15OperationResultNtNtCs8y6E41fb8tc_5alloc6string6StringE5errorCsjiyheS4yU1c_21result_dataclass_test
FN:83,_RNvMs0_NtNtNtCsiXKQ3ZuUVOr_5armor7parsers4yaml5typesINtB5_15OperationResultNtNtCs8y6E41fb8tc_5alloc6string6StringE7successCsjiyheS4yU1c_21result_dataclass_test
FN:114,_RNvMs0_NtNtNtCsiXKQ3ZuUVOr_5armor7parsers4yaml5typesINtB5_15OperationResultNtNtCs8y6E41fb8tc_5alloc6string6StringE8get_dataCsjiyheS4yU1c_21result_dataclass_test
FN:109,_RNvMs0_NtNtNtCsiXKQ3ZuUVOr_5armor7parsers4yaml5typesINtB5_15OperationResultNtNtCs8y6E41fb8tc_5alloc6string6StringE8is_errorCsjiyheS4yU1c_21result_dataclass_test
FN:119,_RNvMs0_NtNtNtCsiXKQ3ZuUVOr_5armor7parsers4yaml5typesINtB5_15OperationResultNtNtCs8y6E41fb8tc_5alloc6string6StringE9get_errorCsjiyheS4yU1c_21result_dataclass_test
FN:104,_RNvMs0_NtNtNtCsiXKQ3ZuUVOr_5armor7parsers4yaml5typesINtB5_15OperationResultlE10is_successCsjiyheS4yU1c_21result_dataclass_test
FN:75,_RNvMs0_NtNtNtCsiXKQ3ZuUVOr_5armor7parsers4yaml5typesINtB5_15OperationResultlE3newCsjiyheS4yU1c_21result_dataclass_test
FN:83,_RNvMs0_NtNtNtCsiXKQ3ZuUVOr_5armor7parsers4yaml5typesINtB5_15OperationResultlE7successCsjiyheS4yU1c_21result_dataclass_test
FN:114,_RNvMs0_NtNtNtCsiXKQ3ZuUVOr_5armor7parsers4yaml5typesINtB5_15OperationResultlE8get_dataCsjiyheS4yU1c_21result_dataclass_test
FNDA:0,_RINvMs1_NtNtNtCsbRf3HNt4AAF_5armor7parsers4yaml5typesINtB6_11ParseResultpE3mapppEBc_
FNDA:0,_RINvMs3_NtNtNtCsbRf3HNt4AAF_5armor7parsers4yaml5typesNtB6_13ParseMetadata11with_sourcepEBc_
FNDA:0,_RNvMNtNtNtCsbRf3HNt4AAF_5armor7parsers4yaml5typesNtB2_6Status10is_success
FNDA:0,_RNvMNtNtNtCsbRf3HNt4AAF_5armor7parsers4yaml5typesNtB2_6Status7as_bool
FNDA:0,_RNvMNtNtNtCsbRf3HNt4AAF_5armor7parsers4yaml5typesNtB2_6Status8is_error
FNDA:0,_RNvMNtNtNtCsbRf3HNt4AAF_5armor7parsers4yaml5typesNtB2_6Status9from_bool
FNDA:0,_RNvMs0_NtNtNtCsbRf3HNt4AAF_5armor7parsers4yaml5typesINtB5_15OperationResultpE10is_successBb_
FNDA:0,_RNvMs0_NtNtNtCsbRf3HNt4AAF_5armor7parsers4yaml5typesINtB5_15OperationResultpE3newBb_
FNDA:0,_RNvMs0_NtNtNtCsbRf3HNt4AAF_5armor7parsers4yaml5typesINtB5_15OperationResultpE5errorBb_
FNDA:0,_RNvMs0_NtNtNtCsbRf3HNt4AAF_5armor7parsers4yaml5typesINtB5_15OperationResultpE7successBb_
FNDA:0,_RNvMs0_NtNtNtCsbRf3HNt4AAF_5armor7parsers4yaml5typesINtB5_15OperationResultpE8get_dataBb_
FNDA:0,_RNvMs0_NtNtNtCsbRf3HNt4AAF_5armor7parsers4yaml5typesINtB5_15OperationResultpE8is_errorBb_
FNDA:0,_RNvMs0_NtNtNtCsbRf3HNt4AAF_5armor7parsers4yaml5typesINtB5_15OperationResultpE9get_errorBb_
FNDA:0,_RNvMs1_NtNtNtCsbRf3HNt4AAF_5armor7parsers4yaml5typesINtB5_11ParseResultpE10is_failureBb_
FNDA:0,_RNvMs1_NtNtNtCsbRf3HNt4AAF_5armor7parsers4yaml5typesINtB5_11ParseResultpE10is_successBb_
FNDA:0,_RNvMs1_NtNtNtCsbRf3HNt4AAF_5armor7parsers4yaml5typesINtB5_11ParseResultpE5errorBb_
FNDA:0,_RNvMs1_NtNtNtCsbRf3HNt4AAF_5armor7parsers4yaml5typesINtB5_11ParseResultpE5valueBb_
FNDA:0,_RNvMs1_NtNtNtCsbRf3HNt4AAF_5armor7parsers4yaml5typesINtB5_11ParseResultpE6unwrapBb_
FNDA:0,_RNvMs1_NtNtNtCsbRf3HNt4AAF_5armor7parsers4yaml5typesINtB5_11ParseResultpE7failureBb_
FNDA:0,_RNvMs1_NtNtNtCsbRf3HNt4AAF_5armor7parsers4yaml5typesINtB5_11ParseResultpE7successBb_
FNDA:0,_RNvMs1_NtNtNtCsbRf3HNt4AAF_5armor7parsers4yaml5typesINtB5_11ParseResultpE8metadataBb_
FNDA:0,_RNvMs1_NtNtNtCsbRf3HNt4AAF_5armor7parsers4yaml5typesINtB5_11ParseResultpE9unwrap_orBb_
FNDA:0,_RNvMs3_NtNtNtCsbRf3HNt4AAF_5armor7parsers4yaml5typesNtB5_13ParseMetadata10with_bytes
FNDA:0,_RNvMs3_NtNtNtCsbRf3HNt4AAF_5armor7parsers4yaml5typesNtB5_13ParseMetadata10with_lines
FNDA:0,_RNvMs3_NtNtNtCsbRf3HNt4AAF_5armor7parsers4yaml5typesNtB5_13ParseMetadata3new
FNDA:0,_RNvMs4_NtNtNtCsbRf3HNt4AAF_5armor7parsers4yaml5typesNtB5_16ValidationResult10has_errors
FNDA:0,_RNvMs4_NtNtNtCsbRf3HNt4AAF_5armor7parsers4yaml5typesNtB5_16ValidationResult12has_warnings
FNDA:0,_RNvMs4_NtNtNtCsbRf3HNt4AAF_5armor7parsers4yaml5typesNtB5_16ValidationResult7failure
FNDA:0,_RNvMs4_NtNtNtCsbRf3HNt4AAF_5armor7parsers4yaml5typesNtB5_16ValidationResult7success
FNDA:0,_RNvMs4_NtNtNtCsbRf3HNt4AAF_5armor7parsers4yaml5typesNtB5_16ValidationResult8is_valid
FNDA:0,_RNvXININtNtNtCsbRf3HNt4AAF_5armor7parsers4yaml5typess2_0pEINtB5_11ParseResultpEINtNtCs3BFokC4QLxY_4core7convert4FromINtNtB1k_6result6ResultpNtNtB7_5error10ParseErrorEE4fromBb_
FNDA:0,_RNvXs5_NtNtNtCsbRf3HNt4AAF_5armor7parsers4yaml5typesNtB5_16ValidationResultNtNtCs3BFokC4QLxY_4core7default7Default7default
FNDA:0,_RNvXs_NtNtNtCsbRf3HNt4AAF_5armor7parsers4yaml5typesNtB4_6StatusNtNtCs3BFokC4QLxY_4core3fmt7Display3fmt
FNDA:9,_RNvMNtNtNtCsiXKQ3ZuUVOr_5armor7parsers4yaml5typesNtB2_6Status10is_success
FNDA:2,_RNvMNtNtNtCsiXKQ3ZuUVOr_5armor7parsers4yaml5typesNtB2_6Status7as_bool
FNDA:4,_RNvMNtNtNtCsiXKQ3ZuUVOr_5armor7parsers4yaml5typesNtB2_6Status8is_error
FNDA:2,_RNvMNtNtNtCsiXKQ3ZuUVOr_5armor7parsers4yaml5typesNtB2_6Status9from_bool
FNDA:0,_RNvMs1_NtNtNtCsiXKQ3ZuUVOr_5armor7parsers4yaml5typesINtB5_11ParseResultNtNtCs9jGxXgzlsBn_10serde_yaml5value5ValueE7successBb_
FNDA:0,_RNvMs3_NtNtNtCsiXKQ3ZuUVOr_5armor7parsers4yaml5typesNtB5_13ParseMetadata10with_bytes
FNDA:0,_RNvMs3_NtNtNtCsiXKQ3ZuUVOr_5armor7parsers4yaml5typesNtB5_13ParseMetadata10with_lines
FNDA:0,_RNvMs3_NtNtNtCsiXKQ3ZuUVOr_5armor7parsers4yaml5typesNtB5_13ParseMetadata3new
FNDA:0,_RNvMs4_NtNtNtCsiXKQ3ZuUVOr_5armor7parsers4yaml5typesNtB5_16ValidationResult10has_errors
FNDA:0,_RNvMs4_NtNtNtCsiXKQ3ZuUVOr_5armor7parsers4yaml5typesNtB5_16ValidationResult12has_warnings
FNDA:0,_RNvMs4_NtNtNtCsiXKQ3ZuUVOr_5armor7parsers4yaml5typesNtB5_16ValidationResult7failure
FNDA:0,_RNvMs4_NtNtNtCsiXKQ3ZuUVOr_5armor7parsers4yaml5typesNtB5_16ValidationResult7success
FNDA:0,_RNvMs4_NtNtNtCsiXKQ3ZuUVOr_5armor7parsers4yaml5typesNtB5_16ValidationResult8is_valid
FNDA:0,_RNvXs5_NtNtNtCsiXKQ3ZuUVOr_5armor7parsers4yaml5typesNtB5_16ValidationResultNtNtCs3BFokC4QLxY_4core7default7Default7default
FNDA:2,_RNvXs_NtNtNtCsiXKQ3ZuUVOr_5armor7parsers4yaml5typesNtB4_6StatusNtNtCs3BFokC4QLxY_4core3fmt7Display3fmt
FNDA:0,_RINvMs1_NtNtNtCsiXKQ3ZuUVOr_5armor7parsers4yaml5typesINtB6_11ParseResultpE3mapppEBc_
FNDA:0,_RINvMs3_NtNtNtCsiXKQ3ZuUVOr_5armor7parsers4yaml5typesNtB6_13ParseMetadata11with_sourcepEBc_
FNDA:0,_RNvMs0_NtNtNtCsiXKQ3ZuUVOr_5armor7parsers4yaml5typesINtB5_15OperationResultpE10is_successBb_
FNDA:0,_RNvMs0_NtNtNtCsiXKQ3ZuUVOr_5armor7parsers4yaml5typesINtB5_15OperationResultpE3newBb_
FNDA:0,_RNvMs0_NtNtNtCsiXKQ3ZuUVOr_5armor7parsers4yaml5typesINtB5_15OperationResultpE5errorBb_
FNDA:0,_RNvMs0_NtNtNtCsiXKQ3ZuUVOr_5armor7parsers4yaml5typesINtB5_15OperationResultpE7successBb_
FNDA:0,_RNvMs0_NtNtNtCsiXKQ3ZuUVOr_5armor7parsers4yaml5typesINtB5_15OperationResultpE8get_dataBb_
FNDA:0,_RNvMs0_NtNtNtCsiXKQ3ZuUVOr_5armor7parsers4yaml5typesINtB5_15OperationResultpE8is_errorBb_
FNDA:0,_RNvMs0_NtNtNtCsiXKQ3ZuUVOr_5armor7parsers4yaml5typesINtB5_15OperationResultpE9get_errorBb_
FNDA:0,_RNvMs1_NtNtNtCsiXKQ3ZuUVOr_5armor7parsers4yaml5typesINtB5_11ParseResultpE10is_failureBb_
FNDA:0,_RNvMs1_NtNtNtCsiXKQ3ZuUVOr_5armor7parsers4yaml5typesINtB5_11ParseResultpE10is_successBb_
FNDA:0,_RNvMs1_NtNtNtCsiXKQ3ZuUVOr_5armor7parsers4yaml5typesINtB5_11ParseResultpE5errorBb_
FNDA:0,_RNvMs1_NtNtNtCsiXKQ3ZuUVOr_5armor7parsers4yaml5typesINtB5_11ParseResultpE5valueBb_
FNDA:0,_RNvMs1_NtNtNtCsiXKQ3ZuUVOr_5armor7parsers4yaml5typesINtB5_11ParseResultpE6unwrapBb_
FNDA:0,_RNvMs1_NtNtNtCsiXKQ3ZuUVOr_5armor7parsers4yaml5typesINtB5_11ParseResultpE7failureBb_
FNDA:0,_RNvMs1_NtNtNtCsiXKQ3ZuUVOr_5armor7parsers4yaml5typesINtB5_11ParseResultpE8metadataBb_
FNDA:0,_RNvMs1_NtNtNtCsiXKQ3ZuUVOr_5armor7parsers4yaml5typesINtB5_11ParseResultpE9unwrap_orBb_
FNDA:0,_RNvXININtNtNtCsiXKQ3ZuUVOr_5armor7parsers4yaml5typess2_0pEINtB5_11ParseResultpEINtNtCs3BFokC4QLxY_4core7convert4FromINtNtB1k_6result6ResultpNtNtB7_5error10ParseErrorEE4fromBb_
FNDA:1,_RNvMs0_NtNtNtCsiXKQ3ZuUVOr_5armor7parsers4yaml5typesINtB5_15OperationResultINtNtCs8y6E41fb8tc_5alloc3vec3VeclEE10is_successCsjiyheS4yU1c_21result_dataclass_test
FNDA:1,_RNvMs0_NtNtNtCsiXKQ3ZuUVOr_5armor7parsers4yaml5typesINtB5_15OperationResultINtNtCs8y6E41fb8tc_5alloc3vec3VeclEE7successCsjiyheS4yU1c_21result_dataclass_test
FNDA:1,_RNvMs0_NtNtNtCsiXKQ3ZuUVOr_5armor7parsers4yaml5typesINtB5_15OperationResultINtNtCs8y6E41fb8tc_5alloc3vec3VeclEE8get_dataCsjiyheS4yU1c_21result_dataclass_test
FNDA:3,_RNvMs0_NtNtNtCsiXKQ3ZuUVOr_5armor7parsers4yaml5typesINtB5_15OperationResultNtNtCs8y6E41fb8tc_5alloc6string6StringE10is_successCsjiyheS4yU1c_21result_dataclass_test
FNDA:1,_RNvMs0_NtNtNtCsiXKQ3ZuUVOr_5armor7parsers4yaml5typesINtB5_15OperationResultNtNtCs8y6E41fb8tc_5alloc6string6StringE3newCsjiyheS4yU1c_21result_dataclass_test
FNDA:3,_RNvMs0_NtNtNtCsiXKQ3ZuUVOr_5armor7parsers4yaml5typesINtB5_15OperationResultNtNtCs8y6E41fb8tc_5alloc6string6StringE5errorCsjiyheS4yU1c_21result_dataclass_test
FNDA:4,_RNvMs0_NtNtNtCsiXKQ3ZuUVOr_5armor7parsers4yaml5typesINtB5_15OperationResultNtNtCs8y6E41fb8tc_5alloc6string6StringE7successCsjiyheS4yU1c_21result_dataclass_test
FNDA:3,_RNvMs0_NtNtNtCsiXKQ3ZuUVOr_5armor7parsers4yaml5typesINtB5_15OperationResultNtNtCs8y6E41fb8tc_5alloc6string6StringE8get_dataCsjiyheS4yU1c_21result_dataclass_test
FNDA:2,_RNvMs0_NtNtNtCsiXKQ3ZuUVOr_5armor7parsers4yaml5typesINtB5_15OperationResultNtNtCs8y6E41fb8tc_5alloc6string6StringE8is_errorCsjiyheS4yU1c_21result_dataclass_test
FNDA:2,_RNvMs0_NtNtNtCsiXKQ3ZuUVOr_5armor7parsers4yaml5typesINtB5_15OperationResultNtNtCs8y6E41fb8tc_5alloc6string6StringE9get_errorCsjiyheS4yU1c_21result_dataclass_test
FNDA:1,_RNvMs0_NtNtNtCsiXKQ3ZuUVOr_5armor7parsers4yaml5typesINtB5_15OperationResultlE10is_successCsjiyheS4yU1c_21result_dataclass_test
FNDA:1,_RNvMs0_NtNtNtCsiXKQ3ZuUVOr_5armor7parsers4yaml5typesINtB5_15OperationResultlE3newCsjiyheS4yU1c_21result_dataclass_test
FNDA:1,_RNvMs0_NtNtNtCsiXKQ3ZuUVOr_5armor7parsers4yaml5typesINtB5_15OperationResultlE7successCsjiyheS4yU1c_21result_dataclass_test
FNDA:1,_RNvMs0_NtNtNtCsiXKQ3ZuUVOr_5armor7parsers4yaml5typesINtB5_15OperationResultlE8get_dataCsjiyheS4yU1c_21result_dataclass_test
FNF:33
FNH:12
DA:19,9
DA:20,9
DA:21,9
DA:24,4
DA:25,4
DA:26,4
DA:29,2
DA:30,2
DA:31,1
DA:33,1
DA:35,2
DA:38,2
DA:39,2
DA:40,2
DA:44,2
DA:45,2
DA:46,1
DA:47,1
DA:49,2
DA:75,2
DA:76,2
DA:77,2
DA:83,6
DA:84,6
DA:85,6
DA:86,6
DA:87,6
DA:88,6
DA:89,6
DA:95,3
DA:96,3
DA:97,3
DA:98,3
DA:99,3
DA:100,3
DA:101,3
DA:104,5
DA:105,5
DA:106,5
DA:109,2
DA:110,2
DA:111,2
DA:114,5
DA:115,5
DA:116,5
DA:119,2
DA:120,2
DA:121,2
DA:137,0
DA:138,0
DA:139,0
DA:140,0
DA:141,0
DA:142,0
DA:143,0
DA:146,0
DA:147,0
DA:148,0
DA:149,0
DA:150,0
DA:151,0
DA:152,0
DA:155,0
DA:156,0
DA:157,0
DA:160,0
DA:161,0
DA:162,0
DA:167,0
DA:168,0
DA:169,0
DA:172,0
DA:173,0
DA:174,0
DA:177,0
DA:178,0
DA:179,0
DA:184,0
DA:185,0
DA:186,0
DA:188,0
DA:191,0
DA:192,0
DA:193,0
DA:196,0
DA:197,0
DA:198,0
DA:200,0
DA:201,0
DA:202,0
DA:203,0
DA:204,0
DA:205,0
DA:206,0
DA:207,0
DA:208,0
DA:209,0
DA:210,0
DA:212,0
DA:216,0
DA:217,0
DA:218,0
DA:219,0
DA:221,0
DA:239,0
DA:240,0
DA:241,0
DA:244,0
DA:245,0
DA:246,0
DA:247,0
DA:250,0
DA:251,0
DA:252,0
DA:253,0
DA:256,0
DA:257,0
DA:258,0
DA:259,0
DA:275,0
DA:276,0
DA:277,0
DA:278,0
DA:279,0
DA:280,0
DA:281,0
DA:284,0
DA:285,0
DA:286,0
DA:287,0
DA:288,0
DA:289,0
DA:290,0
DA:293,0
DA:294,0
DA:295,0
DA:298,0
DA:299,0
DA:300,0
DA:303,0
DA:304,0
DA:305,0
DA:309,0
DA:310,0
DA:311,0
BRF:0
BRH:0
LF:145
LH:48
end_of_record